{"C:\\Users\\felix\\git\\OpenSource\\vscode-php-debug\\src\\dbgp.ts":{"path":"C:\\Users\\felix\\git\\OpenSource\\vscode-php-debug\\src\\dbgp.ts","statementMap":{"0":{"start":{"line":3,"column":0},"end":{"line":3,"column":36}},"1":{"start":{"line":4,"column":17},"end":{"line":4,"column":36}},"2":{"start":{"line":5,"column":0},"end":{"line":5,"column":33}},"3":{"start":{"line":8,"column":13},"end":{"line":8,"column":37}},"4":{"start":{"line":11,"column":0},"end":{"line":11,"column":40}},"5":{"start":{"line":11,"column":19},"end":{"line":11,"column":29}},"6":{"start":{"line":11,"column":31},"end":{"line":11,"column":39}},"7":{"start":{"line":23,"column":8},"end":{"line":23,"column":16}},"8":{"start":{"line":24,"column":8},"end":{"line":24,"column":30}},"9":{"start":{"line":25,"column":8},"end":{"line":25,"column":53}},"10":{"start":{"line":26,"column":8},"end":{"line":26,"column":35}},"11":{"start":{"line":27,"column":8},"end":{"line":27,"column":26}},"12":{"start":{"line":28,"column":8},"end":{"line":28,"column":73}},"13":{"start":{"line":28,"column":44},"end":{"line":28,"column":71}},"14":{"start":{"line":29,"column":8},"end":{"line":29,"column":72}},"15":{"start":{"line":29,"column":45},"end":{"line":29,"column":70}},"16":{"start":{"line":30,"column":8},"end":{"line":30,"column":53}},"17":{"start":{"line":30,"column":33},"end":{"line":30,"column":51}},"18":{"start":{"line":36,"column":8},"end":{"line":103,"column":9}},"19":{"start":{"line":38,"column":34},"end":{"line":38,"column":49}},"20":{"start":{"line":39,"column":12},"end":{"line":60,"column":13}},"21":{"start":{"line":41,"column":34},"end":{"line":41,"column":62}},"22":{"start":{"line":42,"column":16},"end":{"line":42,"column":45}},"23":{"start":{"line":43,"column":16},"end":{"line":43,"column":59}},"24":{"start":{"line":44,"column":16},"end":{"line":44,"column":121}},"25":{"start":{"line":46,"column":16},"end":{"line":46,"column":34}},"26":{"start":{"line":47,"column":16},"end":{"line":47,"column":43}},"27":{"start":{"line":49,"column":16},"end":{"line":49,"column":59}},"28":{"start":{"line":51,"column":16},"end":{"line":55,"column":17}},"29":{"start":{"line":53,"column":33},"end":{"line":53,"column":62}},"30":{"start":{"line":54,"column":20},"end":{"line":54,"column":48}},"31":{"start":{"line":58,"column":16},"end":{"line":58,"column":40}},"32":{"start":{"line":59,"column":16},"end":{"line":59,"column":54}},"33":{"start":{"line":61,"column":15},"end":{"line":103,"column":9}},"34":{"start":{"line":63,"column":12},"end":{"line":102,"column":13}},"35":{"start":{"line":66,"column":42},"end":{"line":66,"column":98}},"36":{"start":{"line":67,"column":16},"end":{"line":67,"column":53}},"37":{"start":{"line":68,"column":16},"end":{"line":68,"column":54}},"38":{"start":{"line":69,"column":33},"end":{"line":69,"column":84}},"39":{"start":{"line":71,"column":28},"end":{"line":71,"column":60}},"40":{"start":{"line":72,"column":31},"end":{"line":84,"column":18}},"41":{"start":{"line":75,"column":28},"end":{"line":75,"column":58}},"42":{"start":{"line":78,"column":28},"end":{"line":78,"column":98}},"43":{"start":{"line":81,"column":28},"end":{"line":81,"column":98}},"44":{"start":{"line":85,"column":33},"end":{"line":85,"column":79}},"45":{"start":{"line":86,"column":16},"end":{"line":86,"column":47}},"46":{"start":{"line":88,"column":16},"end":{"line":88,"column":34}},"47":{"start":{"line":89,"column":16},"end":{"line":89,"column":43}},"48":{"start":{"line":91,"column":16},"end":{"line":91,"column":61}},"49":{"start":{"line":93,"column":16},"end":{"line":97,"column":17}},"50":{"start":{"line":95,"column":33},"end":{"line":95,"column":73}},"51":{"start":{"line":96,"column":20},"end":{"line":96,"column":48}},"52":{"start":{"line":100,"column":16},"end":{"line":100,"column":40}},"53":{"start":{"line":101,"column":16},"end":{"line":101,"column":54}},"54":{"start":{"line":107,"column":8},"end":{"line":115,"column":11}},"55":{"start":{"line":108,"column":12},"end":{"line":114,"column":13}},"56":{"start":{"line":109,"column":16},"end":{"line":111,"column":19}},"57":{"start":{"line":110,"column":20},"end":{"line":110,"column":30}},"58":{"start":{"line":113,"column":16},"end":{"line":113,"column":57}},"59":{"start":{"line":120,"column":8},"end":{"line":123,"column":11}},"60":{"start":{"line":121,"column":12},"end":{"line":121,"column":48}},"61":{"start":{"line":122,"column":12},"end":{"line":122,"column":31}},"62":{"start":{"line":14,"column":13},"end":{"line":125,"column":1}}},"fnMap":{"0":{"name":"(anonymous_0)","decl":{"start":{"line":11,"column":0},"end":{"line":11,"column":4}},"loc":{"start":{"line":11,"column":17},"end":{"line":11,"column":40}}},"1":{"name":"(anonymous_1)","decl":{"start":{"line":22,"column":4},"end":{"line":22,"column":15}},"loc":{"start":{"line":22,"column":34},"end":{"line":31,"column":5}}},"2":{"name":"(anonymous_2)","decl":{"start":{"line":28,"column":26},"end":{"line":28,"column":27}},"loc":{"start":{"line":28,"column":44},"end":{"line":28,"column":71}}},"3":{"name":"(anonymous_3)","decl":{"start":{"line":29,"column":27},"end":{"line":29,"column":28}},"loc":{"start":{"line":29,"column":45},"end":{"line":29,"column":70}}},"4":{"name":"(anonymous_4)","decl":{"start":{"line":30,"column":27},"end":{"line":30,"column":32}},"loc":{"start":{"line":30,"column":33},"end":{"line":30,"column":51}}},"5":{"name":"(anonymous_5)","decl":{"start":{"line":33,"column":12},"end":{"line":33,"column":27}},"loc":{"start":{"line":33,"column":41},"end":{"line":104,"column":5}}},"6":{"name":"(anonymous_6)","decl":{"start":{"line":74,"column":33},"end":{"line":74,"column":39}},"loc":{"start":{"line":74,"column":40},"end":{"line":76,"column":25}}},"7":{"name":"(anonymous_7)","decl":{"start":{"line":77,"column":31},"end":{"line":77,"column":35}},"loc":{"start":{"line":77,"column":36},"end":{"line":79,"column":25}}},"8":{"name":"(anonymous_8)","decl":{"start":{"line":80,"column":36},"end":{"line":80,"column":40}},"loc":{"start":{"line":80,"column":41},"end":{"line":82,"column":25}}},"9":{"name":"(anonymous_9)","decl":{"start":{"line":106,"column":11},"end":{"line":106,"column":15}},"loc":{"start":{"line":106,"column":32},"end":{"line":116,"column":5}}},"10":{"name":"(anonymous_10)","decl":{"start":{"line":107,"column":33},"end":{"line":107,"column":34}},"loc":{"start":{"line":107,"column":49},"end":{"line":115,"column":9}}},"11":{"name":"(anonymous_11)","decl":{"start":{"line":109,"column":44},"end":{"line":null,"column":-1}},"loc":{"start":{"line":109,"column":44},"end":{"line":111,"column":17}}},"12":{"name":"(anonymous_12)","decl":{"start":{"line":119,"column":11},"end":{"line":119,"column":15}},"loc":{"start":{"line":119,"column":16},"end":{"line":124,"column":5}}},"13":{"name":"(anonymous_13)","decl":{"start":{"line":120,"column":33},"end":{"line":120,"column":34}},"loc":{"start":{"line":120,"column":49},"end":{"line":123,"column":9}}}},"branchMap":{"0":{"loc":{"start":{"line":11,"column":5},"end":{"line":11,"column":17}},"type":"binary-expr","locations":[{"start":{"line":11,"column":5},"end":{"line":11,"column":17}},{"start":{"line":11,"column":5},"end":{"line":11,"column":17}}]},"1":{"loc":{"start":{"line":36,"column":8},"end":{"line":103,"column":9}},"type":"if","locations":[{"start":{"line":36,"column":8},"end":{"line":103,"column":9}},{"start":{"line":36,"column":8},"end":{"line":103,"column":9}}]},"2":{"loc":{"start":{"line":39,"column":12},"end":{"line":60,"column":13}},"type":"if","locations":[{"start":{"line":39,"column":12},"end":{"line":60,"column":13}},{"start":{"line":39,"column":12},"end":{"line":60,"column":13}}]},"3":{"loc":{"start":{"line":51,"column":16},"end":{"line":55,"column":17}},"type":"if","locations":[{"start":{"line":51,"column":16},"end":{"line":55,"column":17}},{"start":{"line":51,"column":16},"end":{"line":55,"column":17}}]},"4":{"loc":{"start":{"line":61,"column":15},"end":{"line":103,"column":9}},"type":"if","locations":[{"start":{"line":61,"column":15},"end":{"line":103,"column":9}},{"start":{"line":61,"column":15},"end":{"line":103,"column":9}}]},"5":{"loc":{"start":{"line":63,"column":12},"end":{"line":102,"column":13}},"type":"if","locations":[{"start":{"line":63,"column":12},"end":{"line":102,"column":13}},{"start":{"line":63,"column":12},"end":{"line":102,"column":13}}]},"6":{"loc":{"start":{"line":78,"column":72},"end":{"line":78,"column":77}},"type":"cond-expr","locations":[{"start":{"line":78,"column":72},"end":{"line":78,"column":77}},{"start":{"line":78,"column":80},"end":{"line":78,"column":96}}]},"7":{"loc":{"start":{"line":81,"column":72},"end":{"line":81,"column":77}},"type":"cond-expr","locations":[{"start":{"line":81,"column":72},"end":{"line":81,"column":77}},{"start":{"line":81,"column":80},"end":{"line":81,"column":96}}]},"8":{"loc":{"start":{"line":93,"column":16},"end":{"line":97,"column":17}},"type":"if","locations":[{"start":{"line":93,"column":16},"end":{"line":97,"column":17}},{"start":{"line":93,"column":16},"end":{"line":97,"column":17}}]},"9":{"loc":{"start":{"line":108,"column":12},"end":{"line":114,"column":13}},"type":"if","locations":[{"start":{"line":108,"column":12},"end":{"line":114,"column":13}},{"start":{"line":108,"column":12},"end":{"line":114,"column":13}}]}},"s":{"0":0,"1":0,"2":0,"3":0,"4":0,"5":0,"6":0,"7":0,"8":0,"9":0,"10":0,"11":0,"12":0,"13":0,"14":0,"15":0,"16":0,"17":0,"18":0,"19":0,"20":0,"21":0,"22":0,"23":0,"24":0,"25":0,"26":0,"27":0,"28":0,"29":0,"30":0,"31":0,"32":0,"33":0,"34":0,"35":0,"36":0,"37":0,"38":0,"39":0,"40":0,"41":0,"42":0,"43":0,"44":0,"45":0,"46":0,"47":0,"48":0,"49":0,"50":0,"51":0,"52":0,"53":0,"54":0,"55":0,"56":0,"57":0,"58":0,"59":0,"60":0,"61":0,"62":0},"f":{"0":0,"1":0,"2":0,"3":0,"4":0,"5":0,"6":0,"7":0,"8":0,"9":0,"10":0,"11":0,"12":0,"13":0},"b":{"0":[0,0],"1":[0,0],"2":[0,0],"3":[0,0],"4":[0,0],"5":[0,0],"6":[0,0],"7":[0,0],"8":[0,0],"9":[0,0]}},"C:\\Users\\felix\\git\\OpenSource\\vscode-php-debug\\src\\paths.ts":{"path":"C:\\Users\\felix\\git\\OpenSource\\vscode-php-debug\\src\\paths.ts","statementMap":{"0":{"start":{"line":2,"column":18},"end":{"line":2,"column":44}},"1":{"start":{"line":3,"column":14},"end":{"line":3,"column":36}},"2":{"start":{"line":4,"column":15},"end":{"line":4,"column":27}},"3":{"start":{"line":5,"column":16},"end":{"line":5,"column":29}},"4":{"start":{"line":9,"column":4},"end":{"line":11,"column":5}},"5":{"start":{"line":10,"column":8},"end":{"line":10,"column":37}},"6":{"start":{"line":13,"column":21},"end":{"line":13,"column":49}},"7":{"start":{"line":15,"column":28},"end":{"line":15,"column":61}},"8":{"start":{"line":16,"column":4},"end":{"line":18,"column":5}},"9":{"start":{"line":17,"column":8},"end":{"line":17,"column":42}},"10":{"start":{"line":20,"column":4},"end":{"line":27,"column":5}},"11":{"start":{"line":22,"column":41},"end":{"line":22,"column":123}},"12":{"start":{"line":24,"column":8},"end":{"line":24,"column":76}},"13":{"start":{"line":26,"column":8},"end":{"line":26,"column":47}},"14":{"start":{"line":28,"column":4},"end":{"line":28,"column":21}},"15":{"start":{"line":8,"column":16},"end":{"line":29,"column":1}},"16":{"start":{"line":33,"column":23},"end":{"line":33,"column":59}},"17":{"start":{"line":35,"column":4},"end":{"line":50,"column":5}},"18":{"start":{"line":36,"column":33},"end":{"line":36,"column":75}},"19":{"start":{"line":37,"column":8},"end":{"line":39,"column":9}},"20":{"start":{"line":38,"column":12},"end":{"line":38,"column":38}},"21":{"start":{"line":40,"column":34},"end":{"line":40,"column":77}},"22":{"start":{"line":41,"column":8},"end":{"line":43,"column":9}},"23":{"start":{"line":42,"column":12},"end":{"line":42,"column":39}},"24":{"start":{"line":45,"column":40},"end":{"line":45,"column":85}},"25":{"start":{"line":47,"column":8},"end":{"line":47,"column":82}},"26":{"start":{"line":49,"column":8},"end":{"line":49,"column":37}},"27":{"start":{"line":51,"column":4},"end":{"line":51,"column":25}},"28":{"start":{"line":32,"column":16},"end":{"line":52,"column":1}},"29":{"start":{"line":55,"column":4},"end":{"line":55,"column":48}},"30":{"start":{"line":59,"column":4},"end":{"line":64,"column":5}},"31":{"start":{"line":61,"column":8},"end":{"line":61,"column":69}},"32":{"start":{"line":63,"column":8},"end":{"line":63,"column":41}},"33":{"start":{"line":58,"column":16},"end":{"line":65,"column":1}}},"fnMap":{"0":{"name":"convertDebuggerPathToClient","decl":{"start":{"line":8,"column":0},"end":{"line":8,"column":43}},"loc":{"start":{"line":8,"column":120},"end":{"line":29,"column":1}}},"1":{"name":"convertClientPathToDebugger","decl":{"start":{"line":32,"column":0},"end":{"line":32,"column":43}},"loc":{"start":{"line":32,"column":114},"end":{"line":52,"column":1}}},"2":{"name":"isWindowsUri","decl":{"start":{"line":54,"column":0},"end":{"line":54,"column":21}},"loc":{"start":{"line":54,"column":34},"end":{"line":56,"column":1}}},"3":{"name":"isSameUri","decl":{"start":{"line":58,"column":0},"end":{"line":58,"column":25}},"loc":{"start":{"line":58,"column":64},"end":{"line":65,"column":1}}}},"branchMap":{"0":{"loc":{"start":{"line":9,"column":4},"end":{"line":11,"column":5}},"type":"if","locations":[{"start":{"line":9,"column":4},"end":{"line":11,"column":5}},{"start":{"line":9,"column":4},"end":{"line":11,"column":5}}]},"1":{"loc":{"start":{"line":16,"column":4},"end":{"line":18,"column":5}},"type":"if","locations":[{"start":{"line":16,"column":4},"end":{"line":18,"column":5}},{"start":{"line":16,"column":4},"end":{"line":18,"column":5}}]},"2":{"loc":{"start":{"line":20,"column":4},"end":{"line":27,"column":5}},"type":"if","locations":[{"start":{"line":20,"column":4},"end":{"line":27,"column":5}},{"start":{"line":20,"column":4},"end":{"line":27,"column":5}}]},"3":{"loc":{"start":{"line":20,"column":8},"end":{"line":20,"column":24}},"type":"binary-expr","locations":[{"start":{"line":20,"column":8},"end":{"line":20,"column":24}},{"start":{"line":20,"column":28},"end":{"line":20,"column":43}}]},"4":{"loc":{"start":{"line":22,"column":60},"end":{"line":22,"column":70}},"type":"cond-expr","locations":[{"start":{"line":22,"column":60},"end":{"line":22,"column":70}},{"start":{"line":22,"column":73},"end":{"line":22,"column":83}}]},"5":{"loc":{"start":{"line":35,"column":4},"end":{"line":50,"column":5}},"type":"if","locations":[{"start":{"line":35,"column":4},"end":{"line":50,"column":5}},{"start":{"line":35,"column":4},"end":{"line":50,"column":5}}]},"6":{"loc":{"start":{"line":35,"column":8},"end":{"line":35,"column":24}},"type":"binary-expr","locations":[{"start":{"line":35,"column":8},"end":{"line":35,"column":24}},{"start":{"line":35,"column":28},"end":{"line":35,"column":43}}]},"7":{"loc":{"start":{"line":37,"column":8},"end":{"line":39,"column":9}},"type":"if","locations":[{"start":{"line":37,"column":8},"end":{"line":39,"column":9}},{"start":{"line":37,"column":8},"end":{"line":39,"column":9}}]},"8":{"loc":{"start":{"line":41,"column":8},"end":{"line":43,"column":9}},"type":"if","locations":[{"start":{"line":41,"column":8},"end":{"line":43,"column":9}},{"start":{"line":41,"column":8},"end":{"line":43,"column":9}}]},"9":{"loc":{"start":{"line":59,"column":4},"end":{"line":64,"column":5}},"type":"if","locations":[{"start":{"line":59,"column":4},"end":{"line":64,"column":5}},{"start":{"line":59,"column":4},"end":{"line":64,"column":5}}]},"10":{"loc":{"start":{"line":59,"column":8},"end":{"line":59,"column":31}},"type":"binary-expr","locations":[{"start":{"line":59,"column":8},"end":{"line":59,"column":31}},{"start":{"line":59,"column":35},"end":{"line":59,"column":60}}]}},"s":{"0":0,"1":0,"2":0,"3":0,"4":0,"5":0,"6":0,"7":0,"8":0,"9":0,"10":0,"11":0,"12":0,"13":0,"14":0,"15":0,"16":0,"17":0,"18":0,"19":0,"20":0,"21":0,"22":0,"23":0,"24":0,"25":0,"26":0,"27":0,"28":0,"29":0,"30":0,"31":0,"32":0,"33":0},"f":{"0":0,"1":0,"2":0,"3":0},"b":{"0":[0,0],"1":[0,0],"2":[0,0],"3":[0,0],"4":[0,0],"5":[0,0],"6":[0,0],"7":[0,0],"8":[0,0],"9":[0,0],"10":[0,0]}},"C:\\Users\\felix\\git\\OpenSource\\vscode-php-debug\\src\\phpDebug.ts":{"path":"C:\\Users\\felix\\git\\OpenSource\\vscode-php-debug\\src\\phpDebug.ts","statementMap":{"0":{"start":{"line":1,"column":18},"end":{"line":1,"column":46}},"1":{"start":{"line":3,"column":15},"end":{"line":3,"column":27}},"2":{"start":{"line":4,"column":18},"end":{"line":4,"column":45}},"3":{"start":{"line":5,"column":13},"end":{"line":5,"column":33}},"4":{"start":{"line":6,"column":15},"end":{"line":6,"column":27}},"5":{"start":{"line":7,"column":24},"end":{"line":7,"column":46}},"6":{"start":{"line":8,"column":16},"end":{"line":8,"column":29}},"7":{"start":{"line":9,"column":16},"end":{"line":9,"column":29}},"8":{"start":{"line":10,"column":14},"end":{"line":10,"column":25}},"9":{"start":{"line":11,"column":0},"end":{"line":11,"column":36}},"10":{"start":{"line":12,"column":0},"end":{"line":12,"column":92}},"11":{"start":{"line":13,"column":18},"end":{"line":13,"column":33}},"12":{"start":{"line":15,"column":0},"end":{"line":21,"column":1}},"13":{"start":{"line":16,"column":4},"end":{"line":20,"column":5}},"14":{"start":{"line":17,"column":8},"end":{"line":17,"column":75}},"15":{"start":{"line":26,"column":4},"end":{"line":45,"column":5}},"16":{"start":{"line":27,"column":8},"end":{"line":36,"column":9}},"17":{"start":{"line":29,"column":12},"end":{"line":29,"column":99}},"18":{"start":{"line":30,"column":15},"end":{"line":36,"column":9}},"19":{"start":{"line":32,"column":12},"end":{"line":32,"column":42}},"20":{"start":{"line":35,"column":12},"end":{"line":35,"column":41}},"21":{"start":{"line":39,"column":8},"end":{"line":39,"column":101}},"22":{"start":{"line":40,"column":8},"end":{"line":44,"column":9}},"23":{"start":{"line":41,"column":12},"end":{"line":41,"column":52}},"24":{"start":{"line":42,"column":15},"end":{"line":44,"column":9}},"25":{"start":{"line":43,"column":12},"end":{"line":43,"column":57}},"26":{"start":{"line":46,"column":4},"end":{"line":46,"column":24}},"27":{"start":{"line":134,"column":8},"end":{"line":134,"column":16}},"28":{"start":{"line":95,"column":12},"end":{"line":95,"column":64}},"29":{"start":{"line":98,"column":12},"end":{"line":98,"column":63}},"30":{"start":{"line":101,"column":12},"end":{"line":101,"column":33}},"31":{"start":{"line":104,"column":12},"end":{"line":104,"column":87}},"32":{"start":{"line":107,"column":12},"end":{"line":107,"column":37}},"33":{"start":{"line":110,"column":12},"end":{"line":110,"column":64}},"34":{"start":{"line":113,"column":12},"end":{"line":113,"column":76}},"35":{"start":{"line":116,"column":12},"end":{"line":116,"column":35}},"36":{"start":{"line":119,"column":12},"end":{"line":119,"column":73}},"37":{"start":{"line":122,"column":12},"end":{"line":122,"column":68}},"38":{"start":{"line":125,"column":12},"end":{"line":125,"column":58}},"39":{"start":{"line":128,"column":12},"end":{"line":128,"column":61}},"40":{"start":{"line":131,"column":12},"end":{"line":131,"column":81}},"41":{"start":{"line":135,"column":8},"end":{"line":135,"column":46}},"42":{"start":{"line":136,"column":8},"end":{"line":136,"column":44}},"43":{"start":{"line":137,"column":8},"end":{"line":137,"column":42}},"44":{"start":{"line":141,"column":8},"end":{"line":165,"column":10}},"45":{"start":{"line":166,"column":8},"end":{"line":166,"column":36}},"46":{"start":{"line":170,"column":8},"end":{"line":170,"column":89}},"47":{"start":{"line":171,"column":8},"end":{"line":171,"column":24}},"48":{"start":{"line":175,"column":8},"end":{"line":175,"column":26}},"49":{"start":{"line":177,"column":29},"end":{"line":209,"column":9}},"50":{"start":{"line":179,"column":12},"end":{"line":179,"column":124}},"51":{"start":{"line":179,"column":51},"end":{"line":179,"column":122}},"52":{"start":{"line":179,"column":92},"end":{"line":179,"column":121}},"53":{"start":{"line":180,"column":32},"end":{"line":180,"column":54}},"54":{"start":{"line":181,"column":38},"end":{"line":181,"column":69}},"55":{"start":{"line":182,"column":32},"end":{"line":182,"column":47}},"56":{"start":{"line":183,"column":24},"end":{"line":183,"column":49}},"57":{"start":{"line":184,"column":24},"end":{"line":184,"column":47}},"58":{"start":{"line":186,"column":12},"end":{"line":208,"column":13}},"59":{"start":{"line":187,"column":31},"end":{"line":187,"column":140}},"60":{"start":{"line":189,"column":16},"end":{"line":191,"column":19}},"61":{"start":{"line":190,"column":20},"end":{"line":190,"column":65}},"62":{"start":{"line":193,"column":31},"end":{"line":193,"column":129}},"63":{"start":{"line":195,"column":16},"end":{"line":197,"column":19}},"64":{"start":{"line":196,"column":20},"end":{"line":196,"column":80}},"65":{"start":{"line":198,"column":16},"end":{"line":200,"column":19}},"66":{"start":{"line":199,"column":20},"end":{"line":199,"column":80}},"67":{"start":{"line":202,"column":16},"end":{"line":204,"column":19}},"68":{"start":{"line":203,"column":20},"end":{"line":203,"column":65}},"69":{"start":{"line":205,"column":16},"end":{"line":207,"column":19}},"70":{"start":{"line":206,"column":20},"end":{"line":206,"column":74}},"71":{"start":{"line":211,"column":29},"end":{"line":260,"column":10}},"72":{"start":{"line":211,"column":35},"end":{"line":260,"column":10}},"73":{"start":{"line":212,"column":27},"end":{"line":212,"column":60}},"74":{"start":{"line":213,"column":12},"end":{"line":254,"column":15}},"75":{"start":{"line":213,"column":61},"end":{"line":254,"column":13}},"76":{"start":{"line":214,"column":16},"end":{"line":253,"column":17}},"77":{"start":{"line":216,"column":39},"end":{"line":216,"column":68}},"78":{"start":{"line":217,"column":20},"end":{"line":219,"column":21}},"79":{"start":{"line":218,"column":24},"end":{"line":218,"column":111}},"80":{"start":{"line":220,"column":20},"end":{"line":220,"column":69}},"81":{"start":{"line":221,"column":20},"end":{"line":221,"column":61}},"82":{"start":{"line":222,"column":46},"end":{"line":235,"column":21}},"83":{"start":{"line":223,"column":24},"end":{"line":234,"column":25}},"84":{"start":{"line":224,"column":28},"end":{"line":226,"column":29}},"85":{"start":{"line":225,"column":32},"end":{"line":225,"column":116}},"86":{"start":{"line":227,"column":28},"end":{"line":229,"column":29}},"87":{"start":{"line":228,"column":32},"end":{"line":228,"column":86}},"88":{"start":{"line":230,"column":28},"end":{"line":230,"column":92}},"89":{"start":{"line":231,"column":28},"end":{"line":231,"column":47}},"90":{"start":{"line":232,"column":28},"end":{"line":232,"column":68}},"91":{"start":{"line":233,"column":28},"end":{"line":233,"column":72}},"92":{"start":{"line":236,"column":20},"end":{"line":238,"column":23}},"93":{"start":{"line":237,"column":24},"end":{"line":237,"column":72}},"94":{"start":{"line":239,"column":20},"end":{"line":239,"column":62}},"95":{"start":{"line":240,"column":20},"end":{"line":240,"column":62}},"96":{"start":{"line":241,"column":39},"end":{"line":241,"column":75}},"97":{"start":{"line":242,"column":20},"end":{"line":242,"column":85}},"98":{"start":{"line":244,"column":20},"end":{"line":244,"column":78}},"99":{"start":{"line":246,"column":20},"end":{"line":246,"column":84}},"100":{"start":{"line":248,"column":20},"end":{"line":248,"column":186}},"101":{"start":{"line":250,"column":20},"end":{"line":250,"column":72}},"102":{"start":{"line":252,"column":20},"end":{"line":252,"column":107}},"103":{"start":{"line":255,"column":12},"end":{"line":258,"column":15}},"104":{"start":{"line":256,"column":16},"end":{"line":256,"column":70}},"105":{"start":{"line":257,"column":16},"end":{"line":257,"column":32}},"106":{"start":{"line":259,"column":12},"end":{"line":259,"column":89}},"107":{"start":{"line":259,"column":54},"end":{"line":259,"column":87}},"108":{"start":{"line":261,"column":8},"end":{"line":271,"column":9}},"109":{"start":{"line":262,"column":12},"end":{"line":264,"column":13}},"110":{"start":{"line":263,"column":16},"end":{"line":263,"column":37}},"111":{"start":{"line":265,"column":12},"end":{"line":267,"column":13}},"112":{"start":{"line":266,"column":16},"end":{"line":266,"column":37}},"113":{"start":{"line":269,"column":12},"end":{"line":269,"column":59}},"114":{"start":{"line":270,"column":12},"end":{"line":270,"column":19}},"115":{"start":{"line":272,"column":8},"end":{"line":272,"column":36}},"116":{"start":{"line":280,"column":27},"end":{"line":280,"column":46}},"117":{"start":{"line":281,"column":8},"end":{"line":281,"column":49}},"118":{"start":{"line":282,"column":8},"end":{"line":306,"column":9}},"119":{"start":{"line":283,"column":29},"end":{"line":283,"column":63}},"120":{"start":{"line":284,"column":12},"end":{"line":284,"column":40}},"121":{"start":{"line":285,"column":15},"end":{"line":306,"column":9}},"122":{"start":{"line":286,"column":12},"end":{"line":286,"column":52}},"123":{"start":{"line":287,"column":12},"end":{"line":287,"column":76}},"124":{"start":{"line":288,"column":12},"end":{"line":288,"column":31}},"125":{"start":{"line":289,"column":15},"end":{"line":306,"column":9}},"126":{"start":{"line":293,"column":12},"end":{"line":302,"column":13}},"127":{"start":{"line":294,"column":16},"end":{"line":294,"column":49}},"128":{"start":{"line":295,"column":16},"end":{"line":295,"column":92}},"129":{"start":{"line":296,"column":19},"end":{"line":302,"column":13}},"130":{"start":{"line":297,"column":16},"end":{"line":297,"column":45}},"131":{"start":{"line":298,"column":19},"end":{"line":302,"column":13}},"132":{"start":{"line":299,"column":16},"end":{"line":299,"column":44}},"133":{"start":{"line":301,"column":16},"end":{"line":301,"column":50}},"134":{"start":{"line":303,"column":60},"end":{"line":303,"column":133}},"135":{"start":{"line":304,"column":12},"end":{"line":304,"column":49}},"136":{"start":{"line":305,"column":12},"end":{"line":305,"column":34}},"137":{"start":{"line":311,"column":8},"end":{"line":314,"column":9}},"138":{"start":{"line":312,"column":24},"end":{"line":312,"column":103}},"139":{"start":{"line":313,"column":12},"end":{"line":313,"column":57}},"140":{"start":{"line":315,"column":8},"end":{"line":315,"column":39}},"141":{"start":{"line":319,"column":8},"end":{"line":322,"column":9}},"142":{"start":{"line":320,"column":24},"end":{"line":320,"column":95}},"143":{"start":{"line":321,"column":12},"end":{"line":321,"column":57}},"144":{"start":{"line":323,"column":8},"end":{"line":323,"column":31}},"145":{"start":{"line":327,"column":8},"end":{"line":330,"column":9}},"146":{"start":{"line":328,"column":24},"end":{"line":328,"column":106}},"147":{"start":{"line":329,"column":12},"end":{"line":329,"column":57}},"148":{"start":{"line":331,"column":8},"end":{"line":331,"column":37}},"149":{"start":{"line":337,"column":8},"end":{"line":351,"column":9}},"150":{"start":{"line":338,"column":26},"end":{"line":338,"column":88}},"151":{"start":{"line":339,"column":25},"end":{"line":339,"column":64}},"152":{"start":{"line":341,"column":12},"end":{"line":347,"column":13}},"153":{"start":{"line":342,"column":16},"end":{"line":342,"column":44}},"154":{"start":{"line":343,"column":19},"end":{"line":347,"column":13}},"155":{"start":{"line":344,"column":16},"end":{"line":344,"column":35}},"156":{"start":{"line":346,"column":16},"end":{"line":346,"column":25}},"157":{"start":{"line":348,"column":12},"end":{"line":348,"column":73}},"158":{"start":{"line":350,"column":12},"end":{"line":350,"column":102}},"159":{"start":{"line":356,"column":8},"end":{"line":409,"column":9}},"160":{"start":{"line":357,"column":28},"end":{"line":357,"column":131}},"161":{"start":{"line":358,"column":32},"end":{"line":358,"column":70}},"162":{"start":{"line":360,"column":12},"end":{"line":360,"column":46}},"163":{"start":{"line":363,"column":12},"end":{"line":404,"column":13}},"164":{"start":{"line":365,"column":16},"end":{"line":365,"column":116}},"165":{"start":{"line":365,"column":73},"end":{"line":365,"column":113}},"166":{"start":{"line":367,"column":16},"end":{"line":367,"column":39}},"167":{"start":{"line":369,"column":16},"end":{"line":375,"column":19}},"168":{"start":{"line":370,"column":20},"end":{"line":374,"column":21}},"169":{"start":{"line":371,"column":24},"end":{"line":371,"column":112}},"170":{"start":{"line":373,"column":24},"end":{"line":373,"column":83}},"171":{"start":{"line":377,"column":16},"end":{"line":403,"column":20}},"172":{"start":{"line":377,"column":84},"end":{"line":403,"column":17}},"173":{"start":{"line":380,"column":42},"end":{"line":380,"column":86}},"174":{"start":{"line":381,"column":20},"end":{"line":387,"column":22}},"175":{"start":{"line":384,"column":50},"end":{"line":384,"column":135}},"176":{"start":{"line":386,"column":47},"end":{"line":386,"column":66}},"177":{"start":{"line":389,"column":20},"end":{"line":402,"column":24}},"178":{"start":{"line":389,"column":84},"end":{"line":402,"column":21}},"179":{"start":{"line":390,"column":24},"end":{"line":401,"column":25}},"180":{"start":{"line":391,"column":28},"end":{"line":391,"column":82}},"181":{"start":{"line":393,"column":28},"end":{"line":395,"column":29}},"182":{"start":{"line":394,"column":32},"end":{"line":394,"column":99}},"183":{"start":{"line":398,"column":28},"end":{"line":400,"column":29}},"184":{"start":{"line":399,"column":32},"end":{"line":399,"column":133}},"185":{"start":{"line":405,"column":12},"end":{"line":405,"column":61}},"186":{"start":{"line":407,"column":12},"end":{"line":407,"column":52}},"187":{"start":{"line":408,"column":12},"end":{"line":408,"column":19}},"188":{"start":{"line":410,"column":8},"end":{"line":410,"column":36}},"189":{"start":{"line":415,"column":8},"end":{"line":428,"column":9}},"190":{"start":{"line":416,"column":32},"end":{"line":416,"column":70}},"191":{"start":{"line":417,"column":12},"end":{"line":424,"column":16}},"192":{"start":{"line":417,"column":63},"end":{"line":424,"column":13}},"193":{"start":{"line":419,"column":38},"end":{"line":419,"column":82}},"194":{"start":{"line":421,"column":16},"end":{"line":421,"column":140}},"195":{"start":{"line":421,"column":67},"end":{"line":421,"column":98}},"196":{"start":{"line":421,"column":118},"end":{"line":421,"column":137}},"197":{"start":{"line":423,"column":16},"end":{"line":423,"column":139}},"198":{"start":{"line":423,"column":61},"end":{"line":423,"column":136}},"199":{"start":{"line":426,"column":12},"end":{"line":426,"column":52}},"200":{"start":{"line":427,"column":12},"end":{"line":427,"column":19}},"201":{"start":{"line":429,"column":8},"end":{"line":429,"column":36}},"202":{"start":{"line":433,"column":8},"end":{"line":468,"column":9}},"203":{"start":{"line":434,"column":32},"end":{"line":434,"column":70}},"204":{"start":{"line":437,"column":12},"end":{"line":463,"column":13}},"205":{"start":{"line":439,"column":16},"end":{"line":439,"column":118}},"206":{"start":{"line":439,"column":72},"end":{"line":439,"column":115}},"207":{"start":{"line":441,"column":16},"end":{"line":441,"column":39}},"208":{"start":{"line":443,"column":16},"end":{"line":462,"column":20}},"209":{"start":{"line":443,"column":84},"end":{"line":462,"column":17}},"210":{"start":{"line":445,"column":42},"end":{"line":445,"column":86}},"211":{"start":{"line":446,"column":20},"end":{"line":446,"column":139}},"212":{"start":{"line":446,"column":71},"end":{"line":446,"column":97}},"213":{"start":{"line":446,"column":117},"end":{"line":446,"column":136}},"214":{"start":{"line":448,"column":20},"end":{"line":461,"column":24}},"215":{"start":{"line":448,"column":91},"end":{"line":461,"column":21}},"216":{"start":{"line":449,"column":24},"end":{"line":460,"column":25}},"217":{"start":{"line":450,"column":28},"end":{"line":450,"column":152}},"218":{"start":{"line":452,"column":28},"end":{"line":454,"column":29}},"219":{"start":{"line":453,"column":32},"end":{"line":453,"column":76}},"220":{"start":{"line":457,"column":28},"end":{"line":459,"column":29}},"221":{"start":{"line":458,"column":32},"end":{"line":458,"column":134}},"222":{"start":{"line":464,"column":12},"end":{"line":464,"column":61}},"223":{"start":{"line":466,"column":12},"end":{"line":466,"column":52}},"224":{"start":{"line":467,"column":12},"end":{"line":467,"column":19}},"225":{"start":{"line":469,"column":8},"end":{"line":469,"column":36}},"226":{"start":{"line":474,"column":55},"end":{"line":474,"column":57}},"227":{"start":{"line":475,"column":8},"end":{"line":492,"column":9}},"228":{"start":{"line":476,"column":12},"end":{"line":485,"column":16}},"229":{"start":{"line":477,"column":16},"end":{"line":477,"column":60}},"230":{"start":{"line":479,"column":16},"end":{"line":484,"column":17}},"231":{"start":{"line":481,"column":20},"end":{"line":481,"column":60}},"232":{"start":{"line":483,"column":20},"end":{"line":483,"column":55}},"233":{"start":{"line":487,"column":12},"end":{"line":487,"column":59}},"234":{"start":{"line":488,"column":12},"end":{"line":490,"column":13}},"235":{"start":{"line":489,"column":16},"end":{"line":489,"column":44}},"236":{"start":{"line":491,"column":12},"end":{"line":491,"column":19}},"237":{"start":{"line":493,"column":8},"end":{"line":493,"column":36}},"238":{"start":{"line":494,"column":8},"end":{"line":496,"column":9}},"239":{"start":{"line":495,"column":12},"end":{"line":495,"column":40}},"240":{"start":{"line":504,"column":28},"end":{"line":504,"column":66}},"241":{"start":{"line":505,"column":8},"end":{"line":507,"column":10}},"242":{"start":{"line":506,"column":51},"end":{"line":506,"column":165}},"243":{"start":{"line":508,"column":8},"end":{"line":508,"column":36}},"244":{"start":{"line":513,"column":8},"end":{"line":580,"column":9}},"245":{"start":{"line":514,"column":31},"end":{"line":514,"column":67}},"246":{"start":{"line":515,"column":12},"end":{"line":517,"column":13}},"247":{"start":{"line":516,"column":16},"end":{"line":516,"column":53}},"248":{"start":{"line":518,"column":28},"end":{"line":518,"column":66}},"249":{"start":{"line":523,"column":27},"end":{"line":523,"column":57}},"250":{"start":{"line":524,"column":12},"end":{"line":576,"column":13}},"251":{"start":{"line":528,"column":31},"end":{"line":528,"column":61}},"252":{"start":{"line":529,"column":27},"end":{"line":529,"column":54}},"253":{"start":{"line":530,"column":29},"end":{"line":530,"column":50}},"254":{"start":{"line":531,"column":27},"end":{"line":531,"column":38}},"255":{"start":{"line":533,"column":34},"end":{"line":533,"column":59}},"256":{"start":{"line":534,"column":16},"end":{"line":546,"column":17}},"257":{"start":{"line":535,"column":44},"end":{"line":535,"column":67}},"258":{"start":{"line":536,"column":20},"end":{"line":536,"column":90}},"259":{"start":{"line":538,"column":20},"end":{"line":538,"column":116}},"260":{"start":{"line":540,"column":20},"end":{"line":540,"column":27}},"261":{"start":{"line":543,"column":37},"end":{"line":543,"column":132}},"262":{"start":{"line":545,"column":20},"end":{"line":545,"column":77}},"263":{"start":{"line":547,"column":16},"end":{"line":547,"column":55}},"264":{"start":{"line":548,"column":16},"end":{"line":548,"column":98}},"265":{"start":{"line":550,"column":16},"end":{"line":575,"column":18}},"266":{"start":{"line":553,"column":35},"end":{"line":553,"column":50}},"267":{"start":{"line":554,"column":42},"end":{"line":554,"column":71}},"268":{"start":{"line":555,"column":24},"end":{"line":567,"column":25}},"269":{"start":{"line":556,"column":52},"end":{"line":556,"column":75}},"270":{"start":{"line":557,"column":28},"end":{"line":557,"column":102}},"271":{"start":{"line":559,"column":28},"end":{"line":559,"column":145}},"272":{"start":{"line":561,"column":28},"end":{"line":561,"column":35}},"273":{"start":{"line":564,"column":45},"end":{"line":564,"column":140}},"274":{"start":{"line":566,"column":28},"end":{"line":566,"column":85}},"275":{"start":{"line":569,"column":45},"end":{"line":569,"column":72}},"276":{"start":{"line":571,"column":24},"end":{"line":571,"column":72}},"277":{"start":{"line":573,"column":24},"end":{"line":573,"column":98}},"278":{"start":{"line":578,"column":12},"end":{"line":578,"column":52}},"279":{"start":{"line":579,"column":12},"end":{"line":579,"column":19}},"280":{"start":{"line":581,"column":8},"end":{"line":581,"column":36}},"281":{"start":{"line":585,"column":8},"end":{"line":596,"column":9}},"282":{"start":{"line":586,"column":38},"end":{"line":586,"column":77}},"283":{"start":{"line":587,"column":27},"end":{"line":587,"column":66}},"284":{"start":{"line":588,"column":12},"end":{"line":591,"column":13}},"285":{"start":{"line":590,"column":16},"end":{"line":590,"column":44}},"286":{"start":{"line":592,"column":12},"end":{"line":592,"column":77}},"287":{"start":{"line":594,"column":12},"end":{"line":594,"column":52}},"288":{"start":{"line":595,"column":12},"end":{"line":595,"column":19}},"289":{"start":{"line":597,"column":8},"end":{"line":597,"column":36}},"290":{"start":{"line":601,"column":8},"end":{"line":633,"column":9}},"291":{"start":{"line":602,"column":41},"end":{"line":602,"column":43}},"292":{"start":{"line":603,"column":12},"end":{"line":628,"column":13}},"293":{"start":{"line":605,"column":31},"end":{"line":605,"column":71}},"294":{"start":{"line":606,"column":16},"end":{"line":610,"column":17}},"295":{"start":{"line":607,"column":39},"end":{"line":607,"column":64}},"296":{"start":{"line":608,"column":20},"end":{"line":608,"column":62}},"297":{"start":{"line":609,"column":20},"end":{"line":609,"column":108}},"298":{"start":{"line":612,"column":35},"end":{"line":612,"column":70}},"299":{"start":{"line":613,"column":33},"end":{"line":613,"column":63}},"300":{"start":{"line":614,"column":16},"end":{"line":621,"column":19}},"301":{"start":{"line":615,"column":39},"end":{"line":615,"column":64}},"302":{"start":{"line":618,"column":20},"end":{"line":618,"column":60}},"303":{"start":{"line":620,"column":20},"end":{"line":620,"column":70}},"304":{"start":{"line":622,"column":31},"end":{"line":622,"column":72}},"305":{"start":{"line":623,"column":16},"end":{"line":627,"column":17}},"306":{"start":{"line":624,"column":39},"end":{"line":624,"column":64}},"307":{"start":{"line":625,"column":20},"end":{"line":625,"column":62}},"308":{"start":{"line":626,"column":20},"end":{"line":626,"column":113}},"309":{"start":{"line":629,"column":12},"end":{"line":629,"column":37}},"310":{"start":{"line":631,"column":12},"end":{"line":631,"column":52}},"311":{"start":{"line":632,"column":12},"end":{"line":632,"column":19}},"312":{"start":{"line":634,"column":8},"end":{"line":634,"column":36}},"313":{"start":{"line":638,"column":8},"end":{"line":706,"column":9}},"314":{"start":{"line":639,"column":39},"end":{"line":639,"column":62}},"315":{"start":{"line":641,"column":12},"end":{"line":701,"column":13}},"316":{"start":{"line":643,"column":31},"end":{"line":643,"column":72}},"317":{"start":{"line":644,"column":16},"end":{"line":647,"column":18}},"318":{"start":{"line":648,"column":16},"end":{"line":650,"column":17}},"319":{"start":{"line":649,"column":20},"end":{"line":649,"column":92}},"320":{"start":{"line":654,"column":16},"end":{"line":676,"column":17}},"321":{"start":{"line":656,"column":36},"end":{"line":656,"column":74}},"322":{"start":{"line":657,"column":20},"end":{"line":657,"column":63}},"323":{"start":{"line":658,"column":23},"end":{"line":676,"column":17}},"324":{"start":{"line":660,"column":37},"end":{"line":660,"column":77}},"325":{"start":{"line":661,"column":20},"end":{"line":669,"column":21}},"326":{"start":{"line":662,"column":24},"end":{"line":666,"column":25}},"327":{"start":{"line":663,"column":28},"end":{"line":663,"column":59}},"328":{"start":{"line":665,"column":28},"end":{"line":665,"column":70}},"329":{"start":{"line":668,"column":24},"end":{"line":668,"column":40}},"330":{"start":{"line":670,"column":23},"end":{"line":676,"column":17}},"331":{"start":{"line":672,"column":37},"end":{"line":672,"column":87}},"332":{"start":{"line":673,"column":20},"end":{"line":673,"column":79}},"333":{"start":{"line":675,"column":20},"end":{"line":675,"column":66}},"334":{"start":{"line":677,"column":16},"end":{"line":700,"column":19}},"335":{"start":{"line":678,"column":41},"end":{"line":678,"column":70}},"336":{"start":{"line":680,"column":20},"end":{"line":692,"column":21}},"337":{"start":{"line":684,"column":24},"end":{"line":684,"column":71}},"338":{"start":{"line":685,"column":24},"end":{"line":689,"column":25}},"339":{"start":{"line":686,"column":28},"end":{"line":686,"column":79}},"340":{"start":{"line":687,"column":31},"end":{"line":689,"column":25}},"341":{"start":{"line":688,"column":28},"end":{"line":688,"column":89}},"342":{"start":{"line":691,"column":24},"end":{"line":691,"column":47}},"343":{"start":{"line":693,"column":67},"end":{"line":698,"column":21}},"344":{"start":{"line":699,"column":20},"end":{"line":699,"column":36}},"345":{"start":{"line":702,"column":12},"end":{"line":702,"column":40}},"346":{"start":{"line":704,"column":12},"end":{"line":704,"column":52}},"347":{"start":{"line":705,"column":12},"end":{"line":705,"column":19}},"348":{"start":{"line":707,"column":8},"end":{"line":707,"column":36}},"349":{"start":{"line":712,"column":8},"end":{"line":724,"column":9}},"350":{"start":{"line":713,"column":31},"end":{"line":713,"column":67}},"351":{"start":{"line":714,"column":12},"end":{"line":716,"column":13}},"352":{"start":{"line":715,"column":16},"end":{"line":715,"column":70}},"353":{"start":{"line":717,"column":12},"end":{"line":717,"column":63}},"354":{"start":{"line":719,"column":12},"end":{"line":719,"column":52}},"355":{"start":{"line":720,"column":12},"end":{"line":722,"column":13}},"356":{"start":{"line":721,"column":16},"end":{"line":721,"column":50}},"357":{"start":{"line":723,"column":12},"end":{"line":723,"column":19}},"358":{"start":{"line":725,"column":8},"end":{"line":725,"column":36}},"359":{"start":{"line":726,"column":8},"end":{"line":726,"column":42}},"360":{"start":{"line":731,"column":8},"end":{"line":743,"column":9}},"361":{"start":{"line":732,"column":31},"end":{"line":732,"column":67}},"362":{"start":{"line":733,"column":12},"end":{"line":735,"column":13}},"363":{"start":{"line":734,"column":16},"end":{"line":734,"column":70}},"364":{"start":{"line":736,"column":12},"end":{"line":736,"column":68}},"365":{"start":{"line":738,"column":12},"end":{"line":738,"column":52}},"366":{"start":{"line":739,"column":12},"end":{"line":741,"column":13}},"367":{"start":{"line":740,"column":16},"end":{"line":740,"column":50}},"368":{"start":{"line":742,"column":12},"end":{"line":742,"column":19}},"369":{"start":{"line":744,"column":8},"end":{"line":746,"column":10}},"370":{"start":{"line":747,"column":8},"end":{"line":747,"column":36}},"371":{"start":{"line":748,"column":8},"end":{"line":748,"column":42}},"372":{"start":{"line":753,"column":8},"end":{"line":765,"column":9}},"373":{"start":{"line":754,"column":31},"end":{"line":754,"column":67}},"374":{"start":{"line":755,"column":12},"end":{"line":757,"column":13}},"375":{"start":{"line":756,"column":16},"end":{"line":756,"column":70}},"376":{"start":{"line":758,"column":12},"end":{"line":758,"column":68}},"377":{"start":{"line":760,"column":12},"end":{"line":760,"column":52}},"378":{"start":{"line":761,"column":12},"end":{"line":763,"column":13}},"379":{"start":{"line":762,"column":16},"end":{"line":762,"column":50}},"380":{"start":{"line":764,"column":12},"end":{"line":764,"column":19}},"381":{"start":{"line":766,"column":8},"end":{"line":766,"column":36}},"382":{"start":{"line":767,"column":8},"end":{"line":767,"column":42}},"383":{"start":{"line":772,"column":8},"end":{"line":784,"column":9}},"384":{"start":{"line":773,"column":31},"end":{"line":773,"column":67}},"385":{"start":{"line":774,"column":12},"end":{"line":776,"column":13}},"386":{"start":{"line":775,"column":16},"end":{"line":775,"column":70}},"387":{"start":{"line":777,"column":12},"end":{"line":777,"column":67}},"388":{"start":{"line":779,"column":12},"end":{"line":779,"column":52}},"389":{"start":{"line":780,"column":12},"end":{"line":782,"column":13}},"390":{"start":{"line":781,"column":16},"end":{"line":781,"column":50}},"391":{"start":{"line":783,"column":12},"end":{"line":783,"column":19}},"392":{"start":{"line":785,"column":8},"end":{"line":785,"column":36}},"393":{"start":{"line":786,"column":8},"end":{"line":786,"column":42}},"394":{"start":{"line":790,"column":8},"end":{"line":790,"column":104}},"395":{"start":{"line":794,"column":8},"end":{"line":807,"column":9}},"396":{"start":{"line":795,"column":12},"end":{"line":800,"column":16}},"397":{"start":{"line":795,"column":87},"end":{"line":800,"column":13}},"398":{"start":{"line":796,"column":16},"end":{"line":796,"column":51}},"399":{"start":{"line":797,"column":16},"end":{"line":797,"column":41}},"400":{"start":{"line":798,"column":16},"end":{"line":798,"column":45}},"401":{"start":{"line":799,"column":16},"end":{"line":799,"column":60}},"402":{"start":{"line":801,"column":12},"end":{"line":803,"column":13}},"403":{"start":{"line":802,"column":16},"end":{"line":802,"column":74}},"404":{"start":{"line":802,"column":45},"end":{"line":802,"column":72}},"405":{"start":{"line":805,"column":12},"end":{"line":805,"column":52}},"406":{"start":{"line":806,"column":12},"end":{"line":806,"column":19}},"407":{"start":{"line":808,"column":8},"end":{"line":808,"column":36}},"408":{"start":{"line":809,"column":8},"end":{"line":809,"column":24}},"409":{"start":{"line":813,"column":8},"end":{"line":836,"column":9}},"410":{"start":{"line":814,"column":12},"end":{"line":816,"column":13}},"411":{"start":{"line":815,"column":16},"end":{"line":815,"column":77}},"412":{"start":{"line":817,"column":31},"end":{"line":817,"column":77}},"413":{"start":{"line":818,"column":29},"end":{"line":818,"column":78}},"414":{"start":{"line":819,"column":12},"end":{"line":832,"column":13}},"415":{"start":{"line":820,"column":37},"end":{"line":820,"column":64}},"416":{"start":{"line":823,"column":16},"end":{"line":828,"column":17}},"417":{"start":{"line":824,"column":20},"end":{"line":824,"column":67}},"418":{"start":{"line":825,"column":20},"end":{"line":825,"column":79}},"419":{"start":{"line":827,"column":20},"end":{"line":827,"column":43}},"420":{"start":{"line":829,"column":16},"end":{"line":829,"column":75}},"421":{"start":{"line":831,"column":16},"end":{"line":831,"column":77}},"422":{"start":{"line":833,"column":12},"end":{"line":833,"column":40}},"423":{"start":{"line":835,"column":12},"end":{"line":835,"column":52}},"424":{"start":{"line":840,"column":0},"end":{"line":840,"column":41}}},"fnMap":{"0":{"name":"formatPropertyValue","decl":{"start":{"line":24,"column":0},"end":{"line":24,"column":28}},"loc":{"start":{"line":24,"column":58},"end":{"line":47,"column":1}}},"1":{"name":"(anonymous_7)","decl":{"start":{"line":133,"column":4},"end":{"line":null,"column":-1}},"loc":{"start":{"line":133,"column":4},"end":{"line":138,"column":5}}},"2":{"name":"(anonymous_8)","decl":{"start":{"line":140,"column":14},"end":{"line":140,"column":30}},"loc":{"start":{"line":140,"column":134},"end":{"line":167,"column":5}}},"3":{"name":"(anonymous_9)","decl":{"start":{"line":169,"column":14},"end":{"line":169,"column":26}},"loc":{"start":{"line":169,"column":122},"end":{"line":172,"column":5}}},"4":{"name":"(anonymous_10)","decl":{"start":{"line":174,"column":20},"end":{"line":174,"column":32}},"loc":{"start":{"line":174,"column":108},"end":{"line":273,"column":5}}},"5":{"name":"(anonymous_12)","decl":{"start":{"line":177,"column":29},"end":{"line":null,"column":-1}},"loc":{"start":{"line":177,"column":29},"end":{"line":209,"column":9}}},"6":{"name":"(anonymous_14)","decl":{"start":{"line":179,"column":30},"end":{"line":179,"column":31}},"loc":{"start":{"line":179,"column":51},"end":{"line":179,"column":122}}},"7":{"name":"(anonymous_15)","decl":{"start":{"line":179,"column":85},"end":{"line":179,"column":87}},"loc":{"start":{"line":179,"column":92},"end":{"line":179,"column":121}}},"8":{"name":"(anonymous_16)","decl":{"start":{"line":189,"column":34},"end":{"line":null,"column":-1}},"loc":{"start":{"line":189,"column":34},"end":{"line":191,"column":17}}},"9":{"name":"(anonymous_17)","decl":{"start":{"line":195,"column":41},"end":{"line":195,"column":42}},"loc":{"start":{"line":195,"column":54},"end":{"line":197,"column":17}}},"10":{"name":"(anonymous_18)","decl":{"start":{"line":198,"column":41},"end":{"line":198,"column":42}},"loc":{"start":{"line":198,"column":54},"end":{"line":200,"column":17}}},"11":{"name":"(anonymous_19)","decl":{"start":{"line":202,"column":34},"end":{"line":null,"column":-1}},"loc":{"start":{"line":202,"column":34},"end":{"line":204,"column":17}}},"12":{"name":"(anonymous_20)","decl":{"start":{"line":205,"column":35},"end":{"line":205,"column":36}},"loc":{"start":{"line":205,"column":48},"end":{"line":207,"column":17}}},"13":{"name":"(anonymous_21)","decl":{"start":{"line":211,"column":29},"end":{"line":211,"column":34}},"loc":{"start":{"line":211,"column":35},"end":{"line":260,"column":10}}},"14":{"name":"(anonymous_22)","decl":{"start":{"line":211,"column":47},"end":{"line":211,"column":48}},"loc":{"start":{"line":211,"column":63},"end":{"line":260,"column":9}}},"15":{"name":"(anonymous_23)","decl":{"start":{"line":213,"column":36},"end":{"line":213,"column":43}},"loc":{"start":{"line":213,"column":61},"end":{"line":254,"column":13}}},"16":{"name":"(anonymous_24)","decl":{"start":{"line":213,"column":61},"end":{"line":null,"column":-1}},"loc":{"start":{"line":213,"column":61},"end":{"line":254,"column":13}}},"17":{"name":"(anonymous_25)","decl":{"start":{"line":222,"column":46},"end":{"line":222,"column":47}},"loc":{"start":{"line":222,"column":60},"end":{"line":235,"column":21}}},"18":{"name":"(anonymous_26)","decl":{"start":{"line":236,"column":45},"end":{"line":236,"column":51}},"loc":{"start":{"line":236,"column":52},"end":{"line":238,"column":21}}},"19":{"name":"(anonymous_27)","decl":{"start":{"line":255,"column":31},"end":{"line":255,"column":32}},"loc":{"start":{"line":255,"column":44},"end":{"line":258,"column":13}}},"20":{"name":"(anonymous_28)","decl":{"start":{"line":259,"column":45},"end":{"line":259,"column":49}},"loc":{"start":{"line":259,"column":54},"end":{"line":259,"column":87}}},"21":{"name":"(anonymous_29)","decl":{"start":{"line":279,"column":18},"end":{"line":279,"column":29}},"loc":{"start":{"line":279,"column":62},"end":{"line":307,"column":5}}},"22":{"name":"(anonymous_31)","decl":{"start":{"line":310,"column":14},"end":{"line":310,"column":28}},"loc":{"start":{"line":310,"column":66},"end":{"line":316,"column":5}}},"23":{"name":"(anonymous_32)","decl":{"start":{"line":318,"column":11},"end":{"line":318,"column":19}},"loc":{"start":{"line":318,"column":81},"end":{"line":324,"column":5}}},"24":{"name":"(anonymous_33)","decl":{"start":{"line":326,"column":11},"end":{"line":326,"column":22}},"loc":{"start":{"line":326,"column":62},"end":{"line":332,"column":5}}},"25":{"name":"(anonymous_34)","decl":{"start":{"line":336,"column":14},"end":{"line":336,"column":30}},"loc":{"start":{"line":336,"column":70},"end":{"line":352,"column":5}}},"26":{"name":"(anonymous_35)","decl":{"start":{"line":355,"column":20},"end":{"line":355,"column":40}},"loc":{"start":{"line":355,"column":145},"end":{"line":411,"column":5}}},"27":{"name":"(anonymous_37)","decl":{"start":{"line":365,"column":58},"end":{"line":365,"column":67}},"loc":{"start":{"line":365,"column":73},"end":{"line":365,"column":113}}},"28":{"name":"(anonymous_38)","decl":{"start":{"line":369,"column":58},"end":{"line":369,"column":67}},"loc":{"start":{"line":369,"column":68},"end":{"line":375,"column":17}}},"29":{"name":"(anonymous_39)","decl":{"start":{"line":377,"column":50},"end":{"line":377,"column":57}},"loc":{"start":{"line":377,"column":84},"end":{"line":403,"column":17}}},"30":{"name":"(anonymous_40)","decl":{"start":{"line":377,"column":84},"end":{"line":null,"column":-1}},"loc":{"start":{"line":377,"column":84},"end":{"line":403,"column":17}}},"31":{"name":"(anonymous_41)","decl":{"start":{"line":384,"column":36},"end":{"line":384,"column":45}},"loc":{"start":{"line":384,"column":50},"end":{"line":384,"column":135}}},"32":{"name":"(anonymous_42)","decl":{"start":{"line":386,"column":33},"end":{"line":386,"column":42}},"loc":{"start":{"line":386,"column":47},"end":{"line":386,"column":66}}},"33":{"name":"(anonymous_43)","decl":{"start":{"line":389,"column":60},"end":{"line":389,"column":67}},"loc":{"start":{"line":389,"column":84},"end":{"line":402,"column":21}}},"34":{"name":"(anonymous_44)","decl":{"start":{"line":389,"column":84},"end":{"line":null,"column":-1}},"loc":{"start":{"line":389,"column":84},"end":{"line":402,"column":21}}},"35":{"name":"(anonymous_45)","decl":{"start":{"line":414,"column":20},"end":{"line":414,"column":49}},"loc":{"start":{"line":414,"column":172},"end":{"line":430,"column":5}}},"36":{"name":"(anonymous_47)","decl":{"start":{"line":417,"column":46},"end":{"line":417,"column":53}},"loc":{"start":{"line":417,"column":63},"end":{"line":424,"column":13}}},"37":{"name":"(anonymous_48)","decl":{"start":{"line":417,"column":63},"end":{"line":null,"column":-1}},"loc":{"start":{"line":417,"column":63},"end":{"line":424,"column":13}}},"38":{"name":"(anonymous_49)","decl":{"start":{"line":421,"column":53},"end":{"line":421,"column":62}},"loc":{"start":{"line":421,"column":67},"end":{"line":421,"column":98}}},"39":{"name":"(anonymous_50)","decl":{"start":{"line":421,"column":104},"end":{"line":421,"column":113}},"loc":{"start":{"line":421,"column":118},"end":{"line":421,"column":137}}},"40":{"name":"(anonymous_51)","decl":{"start":{"line":423,"column":51},"end":{"line":423,"column":56}},"loc":{"start":{"line":423,"column":61},"end":{"line":423,"column":136}}},"41":{"name":"(anonymous_52)","decl":{"start":{"line":432,"column":20},"end":{"line":432,"column":48}},"loc":{"start":{"line":432,"column":169},"end":{"line":470,"column":5}}},"42":{"name":"(anonymous_54)","decl":{"start":{"line":439,"column":57},"end":{"line":439,"column":66}},"loc":{"start":{"line":439,"column":72},"end":{"line":439,"column":115}}},"43":{"name":"(anonymous_55)","decl":{"start":{"line":443,"column":50},"end":{"line":443,"column":57}},"loc":{"start":{"line":443,"column":84},"end":{"line":462,"column":17}}},"44":{"name":"(anonymous_56)","decl":{"start":{"line":443,"column":84},"end":{"line":null,"column":-1}},"loc":{"start":{"line":443,"column":84},"end":{"line":462,"column":17}}},"45":{"name":"(anonymous_57)","decl":{"start":{"line":446,"column":57},"end":{"line":446,"column":66}},"loc":{"start":{"line":446,"column":71},"end":{"line":446,"column":97}}},"46":{"name":"(anonymous_58)","decl":{"start":{"line":446,"column":103},"end":{"line":446,"column":112}},"loc":{"start":{"line":446,"column":117},"end":{"line":446,"column":136}}},"47":{"name":"(anonymous_59)","decl":{"start":{"line":448,"column":59},"end":{"line":448,"column":66}},"loc":{"start":{"line":448,"column":91},"end":{"line":461,"column":21}}},"48":{"name":"(anonymous_60)","decl":{"start":{"line":448,"column":91},"end":{"line":null,"column":-1}},"loc":{"start":{"line":448,"column":91},"end":{"line":461,"column":21}}},"49":{"name":"(anonymous_61)","decl":{"start":{"line":473,"column":20},"end":{"line":473,"column":43}},"loc":{"start":{"line":473,"column":154},"end":{"line":497,"column":5}}},"50":{"name":"(anonymous_63)","decl":{"start":{"line":476,"column":112},"end":{"line":476,"column":121}},"loc":{"start":{"line":476,"column":122},"end":{"line":485,"column":13}}},"51":{"name":"(anonymous_64)","decl":{"start":{"line":500,"column":14},"end":{"line":500,"column":27}},"loc":{"start":{"line":500,"column":74},"end":{"line":509,"column":5}}},"52":{"name":"(anonymous_65)","decl":{"start":{"line":506,"column":37},"end":{"line":506,"column":46}},"loc":{"start":{"line":506,"column":51},"end":{"line":506,"column":165}}},"53":{"name":"(anonymous_66)","decl":{"start":{"line":512,"column":20},"end":{"line":512,"column":36}},"loc":{"start":{"line":512,"column":133},"end":{"line":582,"column":5}}},"54":{"name":"(anonymous_68)","decl":{"start":{"line":551,"column":43},"end":{"line":551,"column":44}},"loc":{"start":{"line":551,"column":54},"end":{"line":574,"column":21}}},"55":{"name":"(anonymous_69)","decl":{"start":{"line":584,"column":20},"end":{"line":584,"column":32}},"loc":{"start":{"line":584,"column":121},"end":{"line":598,"column":5}}},"56":{"name":"(anonymous_71)","decl":{"start":{"line":600,"column":20},"end":{"line":600,"column":32}},"loc":{"start":{"line":600,"column":121},"end":{"line":635,"column":5}}},"57":{"name":"(anonymous_73)","decl":{"start":{"line":614,"column":38},"end":{"line":614,"column":44}},"loc":{"start":{"line":614,"column":45},"end":{"line":621,"column":17}}},"58":{"name":"(anonymous_74)","decl":{"start":{"line":637,"column":20},"end":{"line":637,"column":35}},"loc":{"start":{"line":637,"column":130},"end":{"line":708,"column":5}}},"59":{"name":"(anonymous_76)","decl":{"start":{"line":677,"column":43},"end":{"line":677,"column":50}},"loc":{"start":{"line":677,"column":51},"end":{"line":700,"column":17}}},"60":{"name":"(anonymous_77)","decl":{"start":{"line":710,"column":20},"end":{"line":710,"column":34}},"loc":{"start":{"line":710,"column":127},"end":{"line":727,"column":5}}},"61":{"name":"(anonymous_79)","decl":{"start":{"line":729,"column":20},"end":{"line":729,"column":30}},"loc":{"start":{"line":729,"column":115},"end":{"line":749,"column":5}}},"62":{"name":"(anonymous_81)","decl":{"start":{"line":751,"column":20},"end":{"line":751,"column":32}},"loc":{"start":{"line":751,"column":121},"end":{"line":768,"column":5}}},"63":{"name":"(anonymous_83)","decl":{"start":{"line":770,"column":20},"end":{"line":770,"column":33}},"loc":{"start":{"line":770,"column":124},"end":{"line":787,"column":5}}},"64":{"name":"(anonymous_85)","decl":{"start":{"line":789,"column":14},"end":{"line":789,"column":25}},"loc":{"start":{"line":789,"column":112},"end":{"line":791,"column":5}}},"65":{"name":"(anonymous_86)","decl":{"start":{"line":793,"column":20},"end":{"line":793,"column":36}},"loc":{"start":{"line":793,"column":133},"end":{"line":810,"column":5}}},"66":{"name":"(anonymous_88)","decl":{"start":{"line":795,"column":64},"end":{"line":795,"column":71}},"loc":{"start":{"line":795,"column":87},"end":{"line":800,"column":13}}},"67":{"name":"(anonymous_89)","decl":{"start":{"line":795,"column":87},"end":{"line":null,"column":-1}},"loc":{"start":{"line":795,"column":87},"end":{"line":800,"column":13}}},"68":{"name":"(anonymous_90)","decl":{"start":{"line":802,"column":34},"end":{"line":802,"column":40}},"loc":{"start":{"line":802,"column":45},"end":{"line":802,"column":72}}},"69":{"name":"(anonymous_91)","decl":{"start":{"line":812,"column":20},"end":{"line":812,"column":34}},"loc":{"start":{"line":812,"column":127},"end":{"line":837,"column":5}}}},"branchMap":{"0":{"loc":{"start":{"line":15,"column":0},"end":{"line":21,"column":1}},"type":"if","locations":[{"start":{"line":15,"column":0},"end":{"line":21,"column":1}},{"start":{"line":15,"column":0},"end":{"line":21,"column":1}}]},"1":{"loc":{"start":{"line":26,"column":4},"end":{"line":45,"column":5}},"type":"if","locations":[{"start":{"line":26,"column":4},"end":{"line":45,"column":5}},{"start":{"line":26,"column":4},"end":{"line":45,"column":5}}]},"2":{"loc":{"start":{"line":26,"column":8},"end":{"line":26,"column":28}},"type":"binary-expr","locations":[{"start":{"line":26,"column":8},"end":{"line":26,"column":28}},{"start":{"line":26,"column":32},"end":{"line":26,"column":57}},{"start":{"line":26,"column":61},"end":{"line":26,"column":87}}]},"3":{"loc":{"start":{"line":27,"column":8},"end":{"line":36,"column":9}},"type":"if","locations":[{"start":{"line":27,"column":8},"end":{"line":36,"column":9}},{"start":{"line":27,"column":8},"end":{"line":36,"column":9}}]},"4":{"loc":{"start":{"line":29,"column":62},"end":{"line":29,"column":87}},"type":"cond-expr","locations":[{"start":{"line":29,"column":62},"end":{"line":29,"column":87}},{"start":{"line":29,"column":90},"end":{"line":29,"column":91}}]},"5":{"loc":{"start":{"line":30,"column":15},"end":{"line":36,"column":9}},"type":"if","locations":[{"start":{"line":30,"column":15},"end":{"line":36,"column":9}},{"start":{"line":30,"column":15},"end":{"line":36,"column":9}}]},"6":{"loc":{"start":{"line":30,"column":19},"end":{"line":30,"column":45}},"type":"binary-expr","locations":[{"start":{"line":30,"column":19},"end":{"line":30,"column":45}},{"start":{"line":30,"column":49},"end":{"line":30,"column":63}}]},"7":{"loc":{"start":{"line":39,"column":70},"end":{"line":39,"column":84}},"type":"cond-expr","locations":[{"start":{"line":39,"column":70},"end":{"line":39,"column":84}},{"start":{"line":39,"column":87},"end":{"line":39,"column":100}}]},"8":{"loc":{"start":{"line":39,"column":23},"end":{"line":39,"column":37}},"type":"binary-expr","locations":[{"start":{"line":39,"column":23},"end":{"line":39,"column":37}},{"start":{"line":39,"column":41},"end":{"line":39,"column":67}}]},"9":{"loc":{"start":{"line":40,"column":8},"end":{"line":44,"column":9}},"type":"if","locations":[{"start":{"line":40,"column":8},"end":{"line":44,"column":9}},{"start":{"line":40,"column":8},"end":{"line":44,"column":9}}]},"10":{"loc":{"start":{"line":42,"column":15},"end":{"line":44,"column":9}},"type":"if","locations":[{"start":{"line":42,"column":15},"end":{"line":44,"column":9}},{"start":{"line":42,"column":15},"end":{"line":44,"column":9}}]},"11":{"loc":{"start":{"line":179,"column":98},"end":{"line":179,"column":109}},"type":"cond-expr","locations":[{"start":{"line":179,"column":98},"end":{"line":179,"column":109}},{"start":{"line":179,"column":112},"end":{"line":179,"column":121}}]},"12":{"loc":{"start":{"line":180,"column":32},"end":{"line":180,"column":48}},"type":"binary-expr","locations":[{"start":{"line":180,"column":32},"end":{"line":180,"column":48}},{"start":{"line":180,"column":52},"end":{"line":180,"column":54}}]},"13":{"loc":{"start":{"line":181,"column":38},"end":{"line":181,"column":60}},"type":"binary-expr","locations":[{"start":{"line":181,"column":38},"end":{"line":181,"column":60}},{"start":{"line":181,"column":64},"end":{"line":181,"column":69}}]},"14":{"loc":{"start":{"line":182,"column":32},"end":{"line":182,"column":41}},"type":"binary-expr","locations":[{"start":{"line":182,"column":32},"end":{"line":182,"column":41}},{"start":{"line":182,"column":45},"end":{"line":182,"column":47}}]},"15":{"loc":{"start":{"line":183,"column":24},"end":{"line":183,"column":32}},"type":"binary-expr","locations":[{"start":{"line":183,"column":24},"end":{"line":183,"column":32}},{"start":{"line":183,"column":36},"end":{"line":183,"column":49}}]},"16":{"loc":{"start":{"line":184,"column":24},"end":{"line":184,"column":32}},"type":"binary-expr","locations":[{"start":{"line":184,"column":24},"end":{"line":184,"column":32}},{"start":{"line":184,"column":36},"end":{"line":184,"column":47}}]},"17":{"loc":{"start":{"line":186,"column":12},"end":{"line":208,"column":13}},"type":"if","locations":[{"start":{"line":186,"column":12},"end":{"line":208,"column":13}},{"start":{"line":186,"column":12},"end":{"line":208,"column":13}}]},"18":{"loc":{"start":{"line":217,"column":20},"end":{"line":219,"column":21}},"type":"if","locations":[{"start":{"line":217,"column":20},"end":{"line":219,"column":21}},{"start":{"line":217,"column":20},"end":{"line":219,"column":21}}]},"19":{"loc":{"start":{"line":223,"column":24},"end":{"line":234,"column":25}},"type":"if","locations":[{"start":{"line":223,"column":24},"end":{"line":234,"column":25}},{"start":{"line":223,"column":24},"end":{"line":234,"column":25}}]},"20":{"loc":{"start":{"line":224,"column":28},"end":{"line":226,"column":29}},"type":"if","locations":[{"start":{"line":224,"column":28},"end":{"line":226,"column":29}},{"start":{"line":224,"column":28},"end":{"line":226,"column":29}}]},"21":{"loc":{"start":{"line":227,"column":28},"end":{"line":229,"column":29}},"type":"if","locations":[{"start":{"line":227,"column":28},"end":{"line":229,"column":29}},{"start":{"line":227,"column":28},"end":{"line":229,"column":29}}]},"22":{"loc":{"start":{"line":248,"column":171},"end":{"line":248,"column":178}},"type":"cond-expr","locations":[{"start":{"line":248,"column":171},"end":{"line":248,"column":178}},{"start":{"line":248,"column":181},"end":{"line":248,"column":184}}]},"23":{"loc":{"start":{"line":252,"column":83},"end":{"line":252,"column":96}},"type":"cond-expr","locations":[{"start":{"line":252,"column":83},"end":{"line":252,"column":96}},{"start":{"line":252,"column":99},"end":{"line":252,"column":104}}]},"24":{"loc":{"start":{"line":259,"column":26},"end":{"line":259,"column":35}},"type":"binary-expr","locations":[{"start":{"line":259,"column":26},"end":{"line":259,"column":35}},{"start":{"line":259,"column":39},"end":{"line":259,"column":43}}]},"25":{"loc":{"start":{"line":259,"column":62},"end":{"line":259,"column":75}},"type":"cond-expr","locations":[{"start":{"line":259,"column":62},"end":{"line":259,"column":75}},{"start":{"line":259,"column":78},"end":{"line":259,"column":87}}]},"26":{"loc":{"start":{"line":262,"column":12},"end":{"line":264,"column":13}},"type":"if","locations":[{"start":{"line":262,"column":12},"end":{"line":264,"column":13}},{"start":{"line":262,"column":12},"end":{"line":264,"column":13}}]},"27":{"loc":{"start":{"line":265,"column":12},"end":{"line":267,"column":13}},"type":"if","locations":[{"start":{"line":265,"column":12},"end":{"line":267,"column":13}},{"start":{"line":265,"column":12},"end":{"line":267,"column":13}}]},"28":{"loc":{"start":{"line":282,"column":8},"end":{"line":306,"column":9}},"type":"if","locations":[{"start":{"line":282,"column":8},"end":{"line":306,"column":9}},{"start":{"line":282,"column":8},"end":{"line":306,"column":9}}]},"29":{"loc":{"start":{"line":285,"column":15},"end":{"line":306,"column":9}},"type":"if","locations":[{"start":{"line":285,"column":15},"end":{"line":306,"column":9}},{"start":{"line":285,"column":15},"end":{"line":306,"column":9}}]},"30":{"loc":{"start":{"line":289,"column":15},"end":{"line":306,"column":9}},"type":"if","locations":[{"start":{"line":289,"column":15},"end":{"line":306,"column":9}},{"start":{"line":289,"column":15},"end":{"line":306,"column":9}}]},"31":{"loc":{"start":{"line":293,"column":12},"end":{"line":302,"column":13}},"type":"if","locations":[{"start":{"line":293,"column":12},"end":{"line":302,"column":13}},{"start":{"line":293,"column":12},"end":{"line":302,"column":13}}]},"32":{"loc":{"start":{"line":296,"column":19},"end":{"line":302,"column":13}},"type":"if","locations":[{"start":{"line":296,"column":19},"end":{"line":302,"column":13}},{"start":{"line":296,"column":19},"end":{"line":302,"column":13}}]},"33":{"loc":{"start":{"line":298,"column":19},"end":{"line":302,"column":13}},"type":"if","locations":[{"start":{"line":298,"column":19},"end":{"line":302,"column":13}},{"start":{"line":298,"column":19},"end":{"line":302,"column":13}}]},"34":{"loc":{"start":{"line":311,"column":8},"end":{"line":314,"column":9}},"type":"if","locations":[{"start":{"line":311,"column":8},"end":{"line":314,"column":9}},{"start":{"line":311,"column":8},"end":{"line":314,"column":9}}]},"35":{"loc":{"start":{"line":311,"column":12},"end":{"line":311,"column":22}},"type":"binary-expr","locations":[{"start":{"line":311,"column":12},"end":{"line":311,"column":22}},{"start":{"line":311,"column":26},"end":{"line":311,"column":40}}]},"36":{"loc":{"start":{"line":318,"column":76},"end":{"line":318,"column":81}},"type":"default-arg","locations":[{"start":{"line":318,"column":76},"end":{"line":318,"column":81}}]},"37":{"loc":{"start":{"line":319,"column":8},"end":{"line":322,"column":9}},"type":"if","locations":[{"start":{"line":319,"column":8},"end":{"line":322,"column":9}},{"start":{"line":319,"column":8},"end":{"line":322,"column":9}}]},"38":{"loc":{"start":{"line":319,"column":12},"end":{"line":319,"column":22}},"type":"binary-expr","locations":[{"start":{"line":319,"column":12},"end":{"line":319,"column":22}},{"start":{"line":319,"column":26},"end":{"line":319,"column":40}},{"start":{"line":319,"column":44},"end":{"line":319,"column":54}}]},"39":{"loc":{"start":{"line":327,"column":8},"end":{"line":330,"column":9}},"type":"if","locations":[{"start":{"line":327,"column":8},"end":{"line":330,"column":9}},{"start":{"line":327,"column":8},"end":{"line":330,"column":9}}]},"40":{"loc":{"start":{"line":327,"column":12},"end":{"line":327,"column":22}},"type":"binary-expr","locations":[{"start":{"line":327,"column":12},"end":{"line":327,"column":22}},{"start":{"line":327,"column":26},"end":{"line":327,"column":40}}]},"41":{"loc":{"start":{"line":337,"column":8},"end":{"line":351,"column":9}},"type":"if","locations":[{"start":{"line":337,"column":8},"end":{"line":351,"column":9}},{"start":{"line":337,"column":8},"end":{"line":351,"column":9}}]},"42":{"loc":{"start":{"line":341,"column":12},"end":{"line":347,"column":13}},"type":"if","locations":[{"start":{"line":341,"column":12},"end":{"line":347,"column":13}},{"start":{"line":341,"column":12},"end":{"line":347,"column":13}}]},"43":{"loc":{"start":{"line":343,"column":19},"end":{"line":347,"column":13}},"type":"if","locations":[{"start":{"line":343,"column":19},"end":{"line":347,"column":13}},{"start":{"line":343,"column":19},"end":{"line":347,"column":13}}]},"44":{"loc":{"start":{"line":363,"column":12},"end":{"line":404,"column":13}},"type":"if","locations":[{"start":{"line":363,"column":12},"end":{"line":404,"column":13}},{"start":{"line":363,"column":12},"end":{"line":404,"column":13}}]},"45":{"loc":{"start":{"line":370,"column":20},"end":{"line":374,"column":21}},"type":"if","locations":[{"start":{"line":370,"column":20},"end":{"line":374,"column":21}},{"start":{"line":370,"column":20},"end":{"line":374,"column":21}}]},"46":{"loc":{"start":{"line":384,"column":50},"end":{"line":384,"column":93}},"type":"binary-expr","locations":[{"start":{"line":384,"column":50},"end":{"line":384,"column":93}},{"start":{"line":384,"column":97},"end":{"line":384,"column":135}}]},"47":{"loc":{"start":{"line":393,"column":28},"end":{"line":395,"column":29}},"type":"if","locations":[{"start":{"line":393,"column":28},"end":{"line":395,"column":29}},{"start":{"line":393,"column":28},"end":{"line":395,"column":29}}]},"48":{"loc":{"start":{"line":398,"column":28},"end":{"line":400,"column":29}},"type":"if","locations":[{"start":{"line":398,"column":28},"end":{"line":400,"column":29}},{"start":{"line":398,"column":28},"end":{"line":400,"column":29}}]},"49":{"loc":{"start":{"line":437,"column":12},"end":{"line":463,"column":13}},"type":"if","locations":[{"start":{"line":437,"column":12},"end":{"line":463,"column":13}},{"start":{"line":437,"column":12},"end":{"line":463,"column":13}}]},"50":{"loc":{"start":{"line":452,"column":28},"end":{"line":454,"column":29}},"type":"if","locations":[{"start":{"line":452,"column":28},"end":{"line":454,"column":29}},{"start":{"line":452,"column":28},"end":{"line":454,"column":29}}]},"51":{"loc":{"start":{"line":457,"column":28},"end":{"line":459,"column":29}},"type":"if","locations":[{"start":{"line":457,"column":28},"end":{"line":459,"column":29}},{"start":{"line":457,"column":28},"end":{"line":459,"column":29}}]},"52":{"loc":{"start":{"line":458,"column":111},"end":{"line":458,"column":124}},"type":"cond-expr","locations":[{"start":{"line":458,"column":111},"end":{"line":458,"column":124}},{"start":{"line":458,"column":127},"end":{"line":458,"column":132}}]},"53":{"loc":{"start":{"line":479,"column":16},"end":{"line":484,"column":17}},"type":"if","locations":[{"start":{"line":479,"column":16},"end":{"line":484,"column":17}},{"start":{"line":479,"column":16},"end":{"line":484,"column":17}}]},"54":{"loc":{"start":{"line":515,"column":12},"end":{"line":517,"column":13}},"type":"if","locations":[{"start":{"line":515,"column":12},"end":{"line":517,"column":13}},{"start":{"line":515,"column":12},"end":{"line":517,"column":13}}]},"55":{"loc":{"start":{"line":524,"column":12},"end":{"line":576,"column":13}},"type":"if","locations":[{"start":{"line":524,"column":12},"end":{"line":576,"column":13}},{"start":{"line":524,"column":12},"end":{"line":576,"column":13}}]},"56":{"loc":{"start":{"line":524,"column":16},"end":{"line":524,"column":34}},"type":"binary-expr","locations":[{"start":{"line":524,"column":16},"end":{"line":524,"column":34}},{"start":{"line":524,"column":38},"end":{"line":524,"column":44}},{"start":{"line":524,"column":48},"end":{"line":524,"column":64}}]},"57":{"loc":{"start":{"line":534,"column":16},"end":{"line":546,"column":17}},"type":"if","locations":[{"start":{"line":534,"column":16},"end":{"line":546,"column":17}},{"start":{"line":534,"column":16},"end":{"line":546,"column":17}}]},"58":{"loc":{"start":{"line":555,"column":24},"end":{"line":567,"column":25}},"type":"if","locations":[{"start":{"line":555,"column":24},"end":{"line":567,"column":25}},{"start":{"line":555,"column":24},"end":{"line":567,"column":25}}]},"59":{"loc":{"start":{"line":559,"column":73},"end":{"line":559,"column":83}},"type":"cond-expr","locations":[{"start":{"line":559,"column":73},"end":{"line":559,"column":83}},{"start":{"line":559,"column":86},"end":{"line":559,"column":101}}]},"60":{"loc":{"start":{"line":588,"column":12},"end":{"line":591,"column":13}},"type":"if","locations":[{"start":{"line":588,"column":12},"end":{"line":591,"column":13}},{"start":{"line":588,"column":12},"end":{"line":591,"column":13}}]},"61":{"loc":{"start":{"line":603,"column":12},"end":{"line":628,"column":13}},"type":"if","locations":[{"start":{"line":603,"column":12},"end":{"line":628,"column":13}},{"start":{"line":603,"column":12},"end":{"line":628,"column":13}}]},"62":{"loc":{"start":{"line":606,"column":16},"end":{"line":610,"column":17}},"type":"if","locations":[{"start":{"line":606,"column":16},"end":{"line":610,"column":17}},{"start":{"line":606,"column":16},"end":{"line":610,"column":17}}]},"63":{"loc":{"start":{"line":623,"column":16},"end":{"line":627,"column":17}},"type":"if","locations":[{"start":{"line":623,"column":16},"end":{"line":627,"column":17}},{"start":{"line":623,"column":16},"end":{"line":627,"column":17}}]},"64":{"loc":{"start":{"line":623,"column":20},"end":{"line":623,"column":26}},"type":"binary-expr","locations":[{"start":{"line":623,"column":20},"end":{"line":623,"column":26}},{"start":{"line":623,"column":30},"end":{"line":623,"column":46}}]},"65":{"loc":{"start":{"line":641,"column":12},"end":{"line":701,"column":13}},"type":"if","locations":[{"start":{"line":641,"column":12},"end":{"line":701,"column":13}},{"start":{"line":641,"column":12},"end":{"line":701,"column":13}}]},"66":{"loc":{"start":{"line":648,"column":16},"end":{"line":650,"column":17}},"type":"if","locations":[{"start":{"line":648,"column":16},"end":{"line":650,"column":17}},{"start":{"line":648,"column":16},"end":{"line":650,"column":17}}]},"67":{"loc":{"start":{"line":654,"column":16},"end":{"line":676,"column":17}},"type":"if","locations":[{"start":{"line":654,"column":16},"end":{"line":676,"column":17}},{"start":{"line":654,"column":16},"end":{"line":676,"column":17}}]},"68":{"loc":{"start":{"line":658,"column":23},"end":{"line":676,"column":17}},"type":"if","locations":[{"start":{"line":658,"column":23},"end":{"line":676,"column":17}},{"start":{"line":658,"column":23},"end":{"line":676,"column":17}}]},"69":{"loc":{"start":{"line":661,"column":20},"end":{"line":669,"column":21}},"type":"if","locations":[{"start":{"line":661,"column":20},"end":{"line":669,"column":21}},{"start":{"line":661,"column":20},"end":{"line":669,"column":21}}]},"70":{"loc":{"start":{"line":662,"column":24},"end":{"line":666,"column":25}},"type":"if","locations":[{"start":{"line":662,"column":24},"end":{"line":666,"column":25}},{"start":{"line":662,"column":24},"end":{"line":666,"column":25}}]},"71":{"loc":{"start":{"line":670,"column":23},"end":{"line":676,"column":17}},"type":"if","locations":[{"start":{"line":670,"column":23},"end":{"line":676,"column":17}},{"start":{"line":670,"column":23},"end":{"line":676,"column":17}}]},"72":{"loc":{"start":{"line":673,"column":56},"end":{"line":673,"column":73}},"type":"cond-expr","locations":[{"start":{"line":673,"column":56},"end":{"line":673,"column":73}},{"start":{"line":673,"column":76},"end":{"line":673,"column":78}}]},"73":{"loc":{"start":{"line":680,"column":20},"end":{"line":692,"column":21}},"type":"if","locations":[{"start":{"line":680,"column":20},"end":{"line":692,"column":21}},{"start":{"line":680,"column":20},"end":{"line":692,"column":21}}]},"74":{"loc":{"start":{"line":680,"column":24},"end":{"line":680,"column":44}},"type":"binary-expr","locations":[{"start":{"line":680,"column":24},"end":{"line":680,"column":44}},{"start":{"line":680,"column":48},"end":{"line":680,"column":73}},{"start":{"line":680,"column":77},"end":{"line":680,"column":103}}]},"75":{"loc":{"start":{"line":685,"column":24},"end":{"line":689,"column":25}},"type":"if","locations":[{"start":{"line":685,"column":24},"end":{"line":689,"column":25}},{"start":{"line":685,"column":24},"end":{"line":689,"column":25}}]},"76":{"loc":{"start":{"line":687,"column":31},"end":{"line":689,"column":25}},"type":"if","locations":[{"start":{"line":687,"column":31},"end":{"line":689,"column":25}},{"start":{"line":687,"column":31},"end":{"line":689,"column":25}}]},"77":{"loc":{"start":{"line":714,"column":12},"end":{"line":716,"column":13}},"type":"if","locations":[{"start":{"line":714,"column":12},"end":{"line":716,"column":13}},{"start":{"line":714,"column":12},"end":{"line":716,"column":13}}]},"78":{"loc":{"start":{"line":720,"column":12},"end":{"line":722,"column":13}},"type":"if","locations":[{"start":{"line":720,"column":12},"end":{"line":722,"column":13}},{"start":{"line":720,"column":12},"end":{"line":722,"column":13}}]},"79":{"loc":{"start":{"line":733,"column":12},"end":{"line":735,"column":13}},"type":"if","locations":[{"start":{"line":733,"column":12},"end":{"line":735,"column":13}},{"start":{"line":733,"column":12},"end":{"line":735,"column":13}}]},"80":{"loc":{"start":{"line":739,"column":12},"end":{"line":741,"column":13}},"type":"if","locations":[{"start":{"line":739,"column":12},"end":{"line":741,"column":13}},{"start":{"line":739,"column":12},"end":{"line":741,"column":13}}]},"81":{"loc":{"start":{"line":755,"column":12},"end":{"line":757,"column":13}},"type":"if","locations":[{"start":{"line":755,"column":12},"end":{"line":757,"column":13}},{"start":{"line":755,"column":12},"end":{"line":757,"column":13}}]},"82":{"loc":{"start":{"line":761,"column":12},"end":{"line":763,"column":13}},"type":"if","locations":[{"start":{"line":761,"column":12},"end":{"line":763,"column":13}},{"start":{"line":761,"column":12},"end":{"line":763,"column":13}}]},"83":{"loc":{"start":{"line":774,"column":12},"end":{"line":776,"column":13}},"type":"if","locations":[{"start":{"line":774,"column":12},"end":{"line":776,"column":13}},{"start":{"line":774,"column":12},"end":{"line":776,"column":13}}]},"84":{"loc":{"start":{"line":780,"column":12},"end":{"line":782,"column":13}},"type":"if","locations":[{"start":{"line":780,"column":12},"end":{"line":782,"column":13}},{"start":{"line":780,"column":12},"end":{"line":782,"column":13}}]},"85":{"loc":{"start":{"line":801,"column":12},"end":{"line":803,"column":13}},"type":"if","locations":[{"start":{"line":801,"column":12},"end":{"line":803,"column":13}},{"start":{"line":801,"column":12},"end":{"line":803,"column":13}}]},"86":{"loc":{"start":{"line":814,"column":12},"end":{"line":816,"column":13}},"type":"if","locations":[{"start":{"line":814,"column":12},"end":{"line":816,"column":13}},{"start":{"line":814,"column":12},"end":{"line":816,"column":13}}]},"87":{"loc":{"start":{"line":819,"column":12},"end":{"line":832,"column":13}},"type":"if","locations":[{"start":{"line":819,"column":12},"end":{"line":832,"column":13}},{"start":{"line":819,"column":12},"end":{"line":832,"column":13}}]},"88":{"loc":{"sta
[...]
decl":{"start":{"line":93,"column":4},"end":{"line":93,"column":15}},"loc":{"start":{"line":93,"column":61},"end":{"line":116,"column":5}}},"4":{"name":"(anonymous_10)","decl":{"start":{"line":146,"column":4},"end":{"line":null,"column":-1}},"loc":{"start":{"line":146,"column":4},"end":{"line":157,"column":5}}},"5":{"name":"(anonymous_11)","decl":{"start":{"line":133,"column":4},"end":{"line":133,"column":17}},"loc":{"start":{"line":133,"column":73},"end":{"line":141,"column":5}}},"6":{"name":"(anonymous_12)","decl":{"start":{"line":159,"column":11},"end":{"line":159,"column":16}},"loc":{"start":{"line":159,"column":17},"end":{"line":161,"column":5}}},"7":{"name":"(anonymous_13)","decl":{"start":{"line":174,"column":4},"end":{"line":null,"column":-1}},"loc":{"start":{"line":174,"column":4},"end":{"line":187,"column":5}}},"8":{"name":"(anonymous_14)","decl":{"start":{"line":200,"column":4},"end":{"line":null,"column":-1}},"loc":{"start":{"line":200,"column":4},"end":{"line":213,"column":5}}},"9":{"name":"(anonymous_15)","decl":{"start":{"line":224,"column":4},"end":{"line":null,"column":-1}},"loc":{"start":{"line":224,"column":4},"end":{"line":236,"column":5}}},"10":{"name":"(anonymous_16)","decl":{"start":{"line":251,"column":4},"end":{"line":null,"column":-1}},"loc":{"start":{"line":251,"column":4},"end":{"line":265,"column":5}}},"11":{"name":"(anonymous_17)","decl":{"start":{"line":271,"column":4},"end":{"line":271,"column":15}},"loc":{"start":{"line":271,"column":61},"end":{"line":274,"column":5}}},"12":{"name":"(anonymous_18)","decl":{"start":{"line":285,"column":4},"end":{"line":285,"column":15}},"loc":{"start":{"line":285,"column":61},"end":{"line":288,"column":5}}},"13":{"name":"(anonymous_19)","decl":{"start":{"line":287,"column":79},"end":{"line":287,"column":80}},"loc":{"start":{"line":287,"column":108},"end":{"line":287,"column":154}}},"14":{"name":"(anonymous_20)","decl":{"start":{"line":309,"column":4},"end":{"line":309,"column":15}},"loc":{"start":{"line":309,"column":63},"end":{"line":316,"column":5}}},"15":{"name":"(anonymous_21)","decl":{"start":{"line":318,"column":17},"end":{"line":318,"column":27}},"loc":{"start":{"line":318,"column":28},"end":{"line":320,"column":5}}},"16":{"name":"(anonymous_23)","decl":{"start":{"line":331,"column":4},"end":{"line":331,"column":15}},"loc":{"start":{"line":331,"column":61},"end":{"line":334,"column":5}}},"17":{"name":"(anonymous_24)","decl":{"start":{"line":333,"column":73},"end":{"line":333,"column":74}},"loc":{"start":{"line":333,"column":102},"end":{"line":333,"column":144}}},"18":{"name":"(anonymous_25)","decl":{"start":{"line":339,"column":4},"end":{"line":339,"column":15}},"loc":{"start":{"line":339,"column":61},"end":{"line":342,"column":5}}},"19":{"name":"(anonymous_26)","decl":{"start":{"line":357,"column":4},"end":{"line":357,"column":15}},"loc":{"start":{"line":357,"column":60},"end":{"line":361,"column":5}}},"20":{"name":"(anonymous_27)","decl":{"start":{"line":366,"column":17},"end":{"line":366,"column":29}},"loc":{"start":{"line":366,"column":30},"end":{"line":368,"column":5}}},"21":{"name":"(anonymous_29)","decl":{"start":{"line":379,"column":4},"end":{"line":379,"column":15}},"loc":{"start":{"line":379,"column":61},"end":{"line":382,"column":5}}},"22":{"name":"(anonymous_30)","decl":{"start":{"line":381,"column":76},"end":{"line":381,"column":77}},"loc":{"start":{"line":381,"column":102},"end":{"line":381,"column":138}}},"23":{"name":"(anonymous_31)","decl":{"start":{"line":402,"column":4},"end":{"line":402,"column":15}},"loc":{"start":{"line":402,"column":37},"end":{"line":424,"column":5}}},"24":{"name":"(anonymous_32)","decl":{"start":{"line":422,"column":68},"end":{"line":422,"column":69}},"loc":{"start":{"line":422,"column":95},"end":{"line":422,"column":136}}},"25":{"name":"(anonymous_33)","decl":{"start":{"line":440,"column":4},"end":{"line":440,"column":15}},"loc":{"start":{"line":440,"column":55},"end":{"line":444,"column":5}}},"26":{"name":"(anonymous_34)","decl":{"start":{"line":449,"column":17},"end":{"line":449,"column":27}},"loc":{"start":{"line":449,"column":28},"end":{"line":454,"column":5}}},"27":{"name":"(anonymous_36)","decl":{"start":{"line":465,"column":4},"end":{"line":465,"column":15}},"loc":{"start":{"line":465,"column":55},"end":{"line":468,"column":5}}},"28":{"name":"(anonymous_37)","decl":{"start":{"line":467,"column":78},"end":{"line":467,"column":79}},"loc":{"start":{"line":467,"column":105},"end":{"line":467,"column":140}}},"29":{"name":"(anonymous_38)","decl":{"start":{"line":479,"column":4},"end":{"line":479,"column":15}},"loc":{"start":{"line":479,"column":57},"end":{"line":482,"column":5}}},"30":{"name":"(anonymous_39)","decl":{"start":{"line":481,"column":87},"end":{"line":481,"column":88}},"loc":{"start":{"line":481,"column":114},"end":{"line":481,"column":158}}},"31":{"name":"(anonymous_40)","decl":{"start":{"line":488,"column":4},"end":{"line":488,"column":15}},"loc":{"start":{"line":488,"column":37},"end":{"line":490,"column":5}}},"32":{"name":"(anonymous_41)","decl":{"start":{"line":497,"column":4},"end":{"line":497,"column":15}},"loc":{"start":{"line":497,"column":61},"end":{"line":502,"column":5}}},"33":{"name":"(anonymous_42)","decl":{"start":{"line":509,"column":4},"end":{"line":509,"column":15}},"loc":{"start":{"line":509,"column":61},"end":{"line":512,"column":5}}},"34":{"name":"(anonymous_43)","decl":{"start":{"line":569,"column":4},"end":{"line":569,"column":15}},"loc":{"start":{"line":569,"column":34},"end":{"line":593,"column":5}}},"35":{"name":"(anonymous_44)","decl":{"start":{"line":573,"column":52},"end":{"line":573,"column":53}},"loc":{"start":{"line":573,"column":68},"end":{"line":576,"column":9}}},"36":{"name":"(anonymous_45)","decl":{"start":{"line":577,"column":27},"end":{"line":577,"column":28}},"loc":{"start":{"line":577,"column":49},"end":{"line":592,"column":9}}},"37":{"name":"(anonymous_46)","decl":{"start":{"line":596,"column":11},"end":{"line":596,"column":27}},"loc":{"start":{"line":596,"column":28},"end":{"line":598,"column":5}}},"38":{"name":"(anonymous_47)","decl":{"start":{"line":605,"column":12},"end":{"line":605,"column":26}},"loc":{"start":{"line":605,"column":70},"end":{"line":614,"column":5}}},"39":{"name":"(anonymous_48)","decl":{"start":{"line":606,"column":27},"end":{"line":606,"column":28}},"loc":{"start":{"line":606,"column":47},"end":{"line":613,"column":9}}},"40":{"name":"(anonymous_49)","decl":{"start":{"line":621,"column":18},"end":{"line":621,"column":32}},"loc":{"start":{"line":621,"column":50},"end":{"line":634,"column":5}}},"41":{"name":"(anonymous_51)","decl":{"start":{"line":636,"column":11},"end":{"line":636,"column":15}},"loc":{"start":{"line":636,"column":16},"end":{"line":640,"column":5}}},"42":{"name":"(anonymous_52)","decl":{"start":{"line":645,"column":17},"end":{"line":645,"column":33}},"loc":{"start":{"line":645,"column":34},"end":{"line":647,"column":5}}},"43":{"name":"(anonymous_54)","decl":{"start":{"line":674,"column":17},"end":{"line":674,"column":37}},"loc":{"start":{"line":674,"column":54},"end":{"line":676,"column":5}}},"44":{"name":"(anonymous_56)","decl":{"start":{"line":690,"column":17},"end":{"line":690,"column":37}},"loc":{"start":{"line":690,"column":69},"end":{"line":692,"column":5}}},"45":{"name":"(anonymous_58)","decl":{"start":{"line":701,"column":17},"end":{"line":701,"column":40}},"loc":{"start":{"line":701,"column":64},"end":{"line":719,"column":5}}},"46":{"name":"(anonymous_60)","decl":{"start":{"line":722,"column":17},"end":{"line":722,"column":41}},"loc":{"start":{"line":722,"column":42},"end":{"line":724,"column":5}}},"47":{"name":"(anonymous_62)","decl":{"start":{"line":727,"column":17},"end":{"line":727,"column":43}},"loc":{"start":{"line":727,"column":67},"end":{"line":729,"column":5}}},"48":{"name":"(anonymous_64)","decl":{"start":{"line":734,"column":17},"end":{"line":734,"column":30}},"loc":{"start":{"line":734,"column":31},"end":{"line":736,"column":5}}},"49":{"name":"(anonymous_66)","decl":{"start":{"line":739,"column":17},"end":{"line":739,"column":35}},"loc":{"start":{"line":739,"column":36},"end":{"line":741,"column":5}}},"50":{"name":"(anonymous_68)","decl":{"start":{"line":744,"column":17},"end":{"line":744,"column":35}},"loc":{"start":{"line":744,"column":36},"end":{"line":746,"column":5}}},"51":{"name":"(anonymous_70)","decl":{"start":{"line":749,"column":17},"end":{"line":749,"column":34}},"loc":{"start":{"line":749,"column":35},"end":{"line":751,"column":5}}},"52":{"name":"(anonymous_72)","decl":{"start":{"line":754,"column":17},"end":{"line":754,"column":31}},"loc":{"start":{"line":754,"column":32},"end":{"line":756,"column":5}}},"53":{"name":"(anonymous_74)","decl":{"start":{"line":761,"column":17},"end":{"line":761,"column":35}},"loc":{"start":{"line":761,"column":36},"end":{"line":763,"column":5}}},"54":{"name":"(anonymous_76)","decl":{"start":{"line":765,"column":17},"end":{"line":765,"column":33}},"loc":{"start":{"line":765,"column":46},"end":{"line":767,"column":5}}},"55":{"name":"(anonymous_78)","decl":{"start":{"line":772,"column":17},"end":{"line":772,"column":39}},"loc":{"start":{"line":772,"column":63},"end":{"line":774,"column":5}}},"56":{"name":"(anonymous_80)","decl":{"start":{"line":777,"column":17},"end":{"line":777,"column":37}},"loc":{"start":{"line":777,"column":55},"end":{"line":779,"column":5}}},"57":{"name":"(anonymous_82)","decl":{"start":{"line":782,"column":17},"end":{"line":782,"column":38}},"loc":{"start":{"line":782,"column":58},"end":{"line":785,"column":5}}},"58":{"name":"(anonymous_84)","decl":{"start":{"line":790,"column":17},"end":{"line":790,"column":31}},"loc":{"start":{"line":790,"column":51},"end":{"line":792,"column":5}}}},"branchMap":{"0":{"loc":{"start":{"line":65,"column":8},"end":{"line":70,"column":9}},"type":"if","locations":[{"start":{"line":65,"column":8},"end":{"line":70,"column":9}},{"start":{"line":65,"column":8},"end":{"line":70,"column":9}}]},"1":{"loc":{"start":{"line":65,"column":12},"end":{"line":65,"column":43}},"type":"binary-expr","locations":[{"start":{"line":65,"column":12},"end":{"line":65,"column":43}},{"start":{"line":65,"column":47},"end":{"line":65,"column":94}}]},"2":{"loc":{"start":{"line":98,"column":8},"end":{"line":115,"column":9}},"type":"if","locations":[{"start":{"line":98,"column":8},"end":{"line":115,"column":9}},{"start":{"line":98,"column":8},"end":{"line":115,"column":9}}]},"3":{"loc":{"start":{"line":100,"column":12},"end":{"line":108,"column":13}},"type":"if","locations":[{"start":{"line":100,"column":12},"end":{"line":108,"column":13}},{"start":{"line":100,"column":12},"end":{"line":108,"column":13}}]},"4":{"loc":{"start":{"line":105,"column":16},"end":{"line":107,"column":17}},"type":"if","locations":[{"start":{"line":105,"column":16},"end":{"line":107,"column":17}},{"start":{"line":105,"column":16},"end":{"line":107,"column":17}}]},"5":{"loc":{"start":{"line":109,"column":12},"end":{"line":111,"column":13}},"type":"if","locations":[{"start":{"line":109,"column":12},"end":{"line":111,"column":13}},{"start":{"line":109,"column":12},"end":{"line":111,"column":13}}]},"6":{"loc":{"start":{"line":112,"column":12},"end":{"line":114,"column":13}},"type":"if","locations":[{"start":{"line":112,"column":12},"end":{"line":114,"column":13}},{"start":{"line":112,"column":12},"end":{"line":114,"column":13}}]},"7":{"loc":{"start":{"line":147,"column":8},"end":{"line":156,"column":9}},"type":"if","locations":[{"start":{"line":147,"column":8},"end":{"line":156,"column":9}},{"start":{"line":147,"column":8},"end":{"line":156,"column":9}}]},"8":{"loc":{"start":{"line":135,"column":12},"end":{"line":135,"column":89}},"type":"switch","locations":[{"start":{"line":135,"column":12},"end":{"line":135,"column":89}},{"start":{"line":136,"column":12},"end":{"line":136,"column":79}},{"start":{"line":137,"column":12},"end":{"line":137,"column":93}},{"start":{"line":138,"column":12},"end":{"line":138,"column":79}},{"start":{"line":139,"column":12},"end":{"line":139,"column":92}}]},"9":{"loc":{"start":{"line":175,"column":8},"end":{"line":186,"column":9}},"type":"if","locations":[{"start":{"line":175,"column":8},"end":{"line":186,"column":9}},{"start":{"line":175,"column":8},"end":{"line":186,"column":9}}]},"10":{"loc":{"start":{"line":201,"column":8},"end":{"line":212,"column":9}},"type":"if","locations":[{"start":{"line":201,"column":8},"end":{"line":212,"column":9}},{"start":{"line":201,"column":8},"end":{"line":212,"column":9}}]},"11":{"loc":{"start":{"line":225,"column":8},"end":{"line":235,"column":9}},"type":"if","locations":[{"start":{"line":225,"column":8},"end":{"line":235,"column":9}},{"start":{"line":225,"column":8},"end":{"line":235,"column":9}}]},"12":{"loc":{"start":{"line":252,"column":8},"end":{"line":264,"column":9}},"type":"if","locations":[{"start":{"line":252,"column":8},"end":{"line":264,"column":9}},{"start":{"line":252,"column":8},"end":{"line":264,"column":9}}]},"13":{"loc":{"start":{"line":403,"column":8},"end":{"line":405,"column":9}},"type":"if","locations":[{"start":{"line":403,"column":8},"end":{"line":405,"column":9}},{"start":{"line":403,"column":8},"end":{"line":405,"column":9}}]},"14":{"loc":{"start":{"line":407,"column":8},"end":{"line":409,"column":9}},"type":"if","locations":[{"start":{"line":407,"column":8},"end":{"line":409,"column":9}},{"start":{"line":407,"column":8},"end":{"line":409,"column":9}}]},"15":{"loc":{"start":{"line":411,"column":8},"end":{"line":420,"column":9}},"type":"if","locations":[{"start":{"line":411,"column":8},"end":{"line":420,"column":9}},{"start":{"line":411,"column":8},"end":{"line":420,"column":9}}]},"16":{"loc":{"start":{"line":415,"column":12},"end":{"line":419,"column":13}},"type":"if","locations":[{"start":{"line":415,"column":12},"end":{"line":419,"column":13}},{"start":{"line":415,"column":12},"end":{"line":419,"column":13}}]},"17":{"loc":{"start":{"line":421,"column":8},"end":{"line":423,"column":9}},"type":"if","locations":[{"start":{"line":421,"column":8},"end":{"line":423,"column":9}},{"start":{"line":421,"column":8},"end":{"line":423,"column":9}}]},"18":{"loc":{"start":{"line":450,"column":8},"end":{"line":452,"column":9}},"type":"if","locations":[{"start":{"line":450,"column":8},"end":{"line":452,"column":9}},{"start":{"line":450,"column":8},"end":{"line":452,"column":9}}]},"19":{"loc":{"start":{"line":499,"column":8},"end":{"line":501,"column":9}},"type":"if","locations":[{"start":{"line":499,"column":8},"end":{"line":501,"column":9}},{"start":{"line":499,"column":8},"end":{"line":501,"column":9}}]},"20":{"loc":{"start":{"line":578,"column":12},"end":{"line":591,"column":13}},"type":"if","locations":[{"start":{"line":578,"column":12},"end":{"line":591,"column":13}},{"start":{"line":578,"column":12},"end":{"line":591,"column":13}}]},"21":{"loc":{"start":{"line":582,"column":16},"end":{"line":586,"column":17}},"type":"if","locations":[{"start":{"line":582,"column":16},"end":{"line":586,"column":17}},{"start":{"line":582,"column":16},"end":{"line":586,"column":17}}]},"22":{"loc":{"start":{"line":587,"column":16},"end":{"line":590,"column":17}},"type":"if","locations":[{"start":{"line":587,"column":16},"end":{"line":590,"column":17}},{"start":{"line":587,"column":16},"end":{"line":590,"column":17}}]},"23":{"loc":{"start":{"line":608,"column":12},"end":{"line":612,"column":13}},"type":"if","locations":[{"start":{"line":608,"column":12},"end":{"line":612,"column":13}},{"start":{"line":608,"column":12},"end":{"line":612,"column":13}}]},"24":{"loc":{"start":{"line":608,"column":16},"end":{"line":608,"column":47}},"type":"binary-expr","locations":[{"start":{"line":608,"column":16},"end":{"line":608,"column":47}},{"start":{"line":608,"column":51},"end":{"line":608,"column":83}}]},"25":{"loc":{"start":{"line":624,"column":8},"end":{"line":626,"column":9}},"type":"if","locations":[{"start":{"line":624,"column":8},"end":{"line":626,"column":9}},{"start":{"line":624,"column":8},"end":{"line":626,"column":9}}]},"26":{"loc":{"start":{"line":627,"column":8},"end":{"line":629,"column":9}},"type":"if","locations":[{"start":{"line":627,"column":8},"end":{"line":629,"column":9}},{"start":{"line":627,"column":8},"end":{"line":629,"column":9}}]},"27":{"loc":{"start":{"line":704,"column":8},"end":{"line":717,"column":9}},"type":"if","locations":[{"start":{"line":704,"column":8},"end":{"line":717,"column":9}},{"start":{"line":704,"column":8},"end":{"line":717,"column":9}}]},"28":{"loc":{"start":{"line":706,"column":15},"end":{"line":717,"column":9}},"type":"if","locations":[{"start":{"line":706,"column":15},"end":{"line":717,"column":9}},{"start":{"line":706,"column":15},"end":{"line":717,"column":9}}]},"29":{"loc":{"start":{"line":708,"column":15},"end":{"line":717,"column":9}},"type":"if","locations":[{"start":{"line":708,"column":15},"end":{"line":717,"column":9}},{"start":{"line":708,"column":15},"end":{"line":717,"column":9}}]},"30":{"loc":{"start":{"line":710,"column":12},"end":{"line":712,"column":13}},"type":"if","locations":[{"start":{"line":710,"column":12},"end":{"line":712,"column":13}},{"start":{"line":710,"column":12},"end":{"line":712,"column":13}}]},"31":{"loc":{"start":{"line":714,"column":15},"end":{"line":717,"column":9}},"type":"if","locations":[{"start":{"line":714,"column":15},"end":{"line":717,"column":9}},{"start":{"line":714,"column":15},"end":{"line":717,"column":9}}]}},"s":{"0":0,"1":0,"2":0,"3":0,"4":0,"5":0,"6":0,"7":0,"8":0,"9":0,"10":0,"11":0,"12":0,"13":0,"14":0,"15":0,"16":0,"17":0,"18":0,"19":0,"20":0,"21":0,"22":0,"23":0,"24":0,"25":0,"26":0,"27":0,"28":0,"29":0,"30":0,"31":0,"32":0,"33":0,"34":0,"35":0,"36":0,"37":0,"38":0,"39":0,"40":0,"41":0,"42":0,"43":0,"44":0,"45":0,"46":0,"47":0,"48":0,"49":0,"50":0,"51":0,"52":0,"53":0,"54":0,"55":0,"56":0,"57":0,"58":0,"59":0,"60":0,"61":0,"62":0,"63":0,"64":0,"65":0,"66":0,"67":0,"68":0,"69":0,"70":0,"71":0,"72":0,"73":0,"74":0,"75":0,"76":0,"77":0,"78":0,"79":0,"80":0,"81":0,"82":0,"83":0,"84":0,"85":0,"86":0,"87":0,"88":0,"89":0,"90":0,"91":0,"92":0,"93":0,"94":0,"95":0,"96":0,"97":0,"98":0,"99":0,"100":0,"101":0,"102":0,"103":0,"104":0,"105":0,"106":0,"107":0,"108":0,"109":0,"110":0,"111":0,"112":0,"113":0,"114":0,"115":0,"116":0,"117":0,"118":0,"119":0,"120":0,"121":0,"122":0,"123":0,"124":0,"125":0,"126":0,"127":0,"128":0,"129":0,"130":0,"131":0,"132":0,"133":0,"134":0,"135":0,"136":0,"137":0,"138":0,"139":0,"140":0,"141":0,"142":0,"143":0,"144":0,"145":0,"146":0,"147":0,"148":0,"149":0,"150":0,"151":0,"152":0,"153":0,"154":0,"155":0,"156":0,"157":0,"158":0,"159":0,"160":0,"161":0,"162":0,"163":0,"164":0,"165":0,"166":0,"167":0,"168":0,"169":0,"170":0,"171":0,"172":0,"173":0,"174":0,"175":0,"176":0,"177":0,"178":0,"179":0,"180":0,"181":0,"182":0,"183":0,"184":0,"185":0,"186":0,"187":0,"188":0,"189":0,"190":0,"191":0,"192":0,"193":0,"194":0,"195":0,"196":0,"197":0,"198":0,"199":0,"200":0,"201":0,"202":0,"203":0,"204":0,"205":0,"206":0,"207":0,"208":0,"209":0,"210":0,"211":0,"212":0,"213":0,"214":0,"215":0,"216":0,"217":0,"218":0,"219":0,"220":0,"221":0,"222":0,"223":0,"224":0,"225":0,"226":0,"227":0,"228":0,"229":0,"230":0,"231":0,"232":0,"233":0,"234":0,"235":0,"236":0},"f":{"0":0,"1":0,"2":0,"3":0,"4":0,"5":0,"6":0,"7":0,"8":0,"9":0,"10":0,"11":0,"12":0,"13":0,"14":0,"15":0,"16":0,"17":0,"18":0,"19":0,"20":0,"21":0,"22":0,"23":0,"24":0,"25":0,"26":0,"27":0,"28":0,"29":0,"30":0,"31":0,"32":0,"33":0,"34":0,"35":0,"36":0,"37":0,"38":0,"39":0,"40":0,"41":0,"42":0,"43":0,"44":0,"45":0,"46":0,"47":0,"48":0,"49":0,"50":0,"51":0,"52":0,"53":0,"54":0,"55":0,"56":0,"57":0,"58":0},"b":{"0":[0,0],"1":[0,0],"2":[0,0],"3":[0,0],"4":[0,0],"5":[0,0],"6":[0,0],"7":[0,0],"8":[0,0,0,0,0],"9":[0,0],"10":[0,0],"11":[0,0],"12":[0,0],"13":[0,0],"14":[0,0],"15":[0,0],"16":[0,0],"17":[0,0],"18":[0,0],"19":[0,0],"20":[0,0],"21":[0,0],"22":[0,0],"23":[0,0],"24":[0,0],"25":[0,0],"26":[0,0],"27":[0,0],"28":[0,0],"29":[0,0],"30":[0,0],"31":[0,0]}}}